Performing C SOURCE FILE Test CMAKE_HAVE_LIBC_PTHREAD failed with the following output:
Change Dir: /home/rajat/502_lab/lab21/lab21_template-20241118T175751Z-001/lab21_template/lcm-1.4.0/build/CMakeFiles/CMakeTmp

Run Build Command(s):/usr/bin/make cmTC_16bf7/fast && /usr/bin/make -f CMakeFiles/cmTC_16bf7.dir/build.make CMakeFiles/cmTC_16bf7.dir/build
make[1]: Entering directory '/home/rajat/502_lab/lab21/lab21_template-20241118T175751Z-001/lab21_template/lcm-1.4.0/build/CMakeFiles/CMakeTmp'
Building C object CMakeFiles/cmTC_16bf7.dir/src.c.o
/usr/bin/cc   -std=gnu99 -Wno-format-zero-length -DCMAKE_HAVE_LIBC_PTHREAD   -o CMakeFiles/cmTC_16bf7.dir/src.c.o   -c /home/rajat/502_lab/lab21/lab21_template-20241118T175751Z-001/lab21_template/lcm-1.4.0/build/CMakeFiles/CMakeTmp/src.c
Linking C executable cmTC_16bf7
/usr/bin/cmake -E cmake_link_script CMakeFiles/cmTC_16bf7.dir/link.txt --verbose=1
/usr/bin/cc  -std=gnu99 -Wno-format-zero-length -DCMAKE_HAVE_LIBC_PTHREAD    -rdynamic CMakeFiles/cmTC_16bf7.dir/src.c.o  -o cmTC_16bf7 
/usr/bin/ld: CMakeFiles/cmTC_16bf7.dir/src.c.o: in function `main':
src.c:(.text+0x46): undefined reference to `pthread_create'
/usr/bin/ld: src.c:(.text+0x52): undefined reference to `pthread_detach'
/usr/bin/ld: src.c:(.text+0x63): undefined reference to `pthread_join'
collect2: error: ld returned 1 exit status
make[1]: *** [CMakeFiles/cmTC_16bf7.dir/build.make:87: cmTC_16bf7] Error 1
make[1]: Leaving directory '/home/rajat/502_lab/lab21/lab21_template-20241118T175751Z-001/lab21_template/lcm-1.4.0/build/CMakeFiles/CMakeTmp'
make: *** [Makefile:121: cmTC_16bf7/fast] Error 2


Source file was:
#include <pthread.h>

void* test_func(void* data)
{
  return data;
}

int main(void)
{
  pthread_t thread;
  pthread_create(&thread, NULL, test_func, NULL);
  pthread_detach(thread);
  pthread_join(thread, NULL);
  pthread_atfork(NULL, NULL, NULL);
  pthread_exit(NULL);

  return 0;
}

Determining if the function pthread_create exists in the pthreads failed with the following output:
Change Dir: /home/rajat/502_lab/lab21/lab21_template-20241118T175751Z-001/lab21_template/lcm-1.4.0/build/CMakeFiles/CMakeTmp

Run Build Command(s):/usr/bin/make cmTC_cc428/fast && /usr/bin/make -f CMakeFiles/cmTC_cc428.dir/build.make CMakeFiles/cmTC_cc428.dir/build
make[1]: Entering directory '/home/rajat/502_lab/lab21/lab21_template-20241118T175751Z-001/lab21_template/lcm-1.4.0/build/CMakeFiles/CMakeTmp'
Building C object CMakeFiles/cmTC_cc428.dir/CheckFunctionExists.c.o
/usr/bin/cc   -std=gnu99 -Wno-format-zero-length -DCHECK_FUNCTION_EXISTS=pthread_create   -o CMakeFiles/cmTC_cc428.dir/CheckFunctionExists.c.o   -c /usr/share/cmake-3.16/Modules/CheckFunctionExists.c
Linking C executable cmTC_cc428
/usr/bin/cmake -E cmake_link_script CMakeFiles/cmTC_cc428.dir/link.txt --verbose=1
/usr/bin/cc  -std=gnu99 -Wno-format-zero-length -DCHECK_FUNCTION_EXISTS=pthread_create    -rdynamic CMakeFiles/cmTC_cc428.dir/CheckFunctionExists.c.o  -o cmTC_cc428  -lpthreads 
/usr/bin/ld: cannot find -lpthreads
collect2: error: ld returned 1 exit status
make[1]: *** [CMakeFiles/cmTC_cc428.dir/build.make:87: cmTC_cc428] Error 1
make[1]: Leaving directory '/home/rajat/502_lab/lab21/lab21_template-20241118T175751Z-001/lab21_template/lcm-1.4.0/build/CMakeFiles/CMakeTmp'
make: *** [Makefile:121: cmTC_cc428/fast] Error 2



