The system is: Linux - 5.15.0-125-generic - x86_64
Compiling the C compiler identification source file "CMakeCCompilerId.c" succeeded.
Compiler: /usr/bin/cc 
Build flags: 
Id flags:  

The output was:
0


Compilation of the C compiler identification source "CMakeCCompilerId.c" produced "a.out"

The C compiler identification is GNU, found in "/home/rajat/502_lab/lab21/lab21_template-20241118T175751Z-001/lab21_template/lcm-1.4.0/build/CMakeFiles/3.16.3/CompilerIdC/a.out"

Compiling the CXX compiler identification source file "CMakeCXXCompilerId.cpp" succeeded.
Compiler: /usr/bin/c++ 
Build flags: 
Id flags:  

The output was:
0


Compilation of the CXX compiler identification source "CMakeCXXCompilerId.cpp" produced "a.out"

The CXX compiler identification is GNU, found in "/home/rajat/502_lab/lab21/lab21_template-20241118T175751Z-001/lab21_template/lcm-1.4.0/build/CMakeFiles/3.16.3/CompilerIdCXX/a.out"

Determining if the C compiler works passed with the following output:
Change Dir: /home/rajat/502_lab/lab21/lab21_template-20241118T175751Z-001/lab21_template/lcm-1.4.0/build/CMakeFiles/CMakeTmp

Run Build Command(s):/usr/bin/make cmTC_753de/fast && /usr/bin/make -f CMakeFiles/cmTC_753de.dir/build.make CMakeFiles/cmTC_753de.dir/build
make[1]: Entering directory '/home/rajat/502_lab/lab21/lab21_template-20241118T175751Z-001/lab21_template/lcm-1.4.0/build/CMakeFiles/CMakeTmp'
Building C object CMakeFiles/cmTC_753de.dir/testCCompiler.c.o
/usr/bin/cc    -o CMakeFiles/cmTC_753de.dir/testCCompiler.c.o   -c /home/rajat/502_lab/lab21/lab21_template-20241118T175751Z-001/lab21_template/lcm-1.4.0/build/CMakeFiles/CMakeTmp/testCCompiler.c
Linking C executable cmTC_753de
/usr/bin/cmake -E cmake_link_script CMakeFiles/cmTC_753de.dir/link.txt --verbose=1
/usr/bin/cc      -rdynamic CMakeFiles/cmTC_753de.dir/testCCompiler.c.o  -o cmTC_753de 
make[1]: Leaving directory '/home/rajat/502_lab/lab21/lab21_template-20241118T175751Z-001/lab21_template/lcm-1.4.0/build/CMakeFiles/CMakeTmp'



Detecting C compiler ABI info compiled with the following output:
Change Dir: /home/rajat/502_lab/lab21/lab21_template-20241118T175751Z-001/lab21_template/lcm-1.4.0/build/CMakeFiles/CMakeTmp

Run Build Command(s):/usr/bin/make cmTC_718cd/fast && /usr/bin/make -f CMakeFiles/cmTC_718cd.dir/build.make CMakeFiles/cmTC_718cd.dir/build
make[1]: Entering directory '/home/rajat/502_lab/lab21/lab21_template-20241118T175751Z-001/lab21_template/lcm-1.4.0/build/CMakeFiles/CMakeTmp'
Building C object CMakeFiles/cmTC_718cd.dir/CMakeCCompilerABI.c.o
/usr/bin/cc   -v -o CMakeFiles/cmTC_718cd.dir/CMakeCCompilerABI.c.o   -c /usr/share/cmake-3.16/Modules/CMakeCCompilerABI.c
Using built-in specs.
COLLECT_GCC=/usr/bin/cc
OFFLOAD_TARGET_NAMES=nvptx-none:hsa
OFFLOAD_TARGET_DEFAULT=1
Target: x86_64-linux-gnu
Configured with: ../src/configure -v --with-pkgversion='Ubuntu 9.4.0-1ubuntu1~20.04.3' --with-bugurl=file:///usr/share/doc/gcc-9/README.Bugs --enable-languages=c,ada,c++,go,brig,d,fortran,objc,obj-c++,gm2 --prefix=/usr --with-gcc-major-version-only --program-suffix=-9 --program-prefix=x86_64-linux-gnu- --enable-shared --enable-linker-build-id --libexecdir=/usr/lib --without-included-gettext --enable-threads=posix --libdir=/usr/lib --enable-nls --enable-clocale=gnu --enable-libstdcxx-debug --enable-libstdcxx-time=yes --with-default-libstdcxx-abi=new --enable-gnu-unique-object --disable-vtable-verify --enable-plugin --enable-default-pie --with-system-zlib --with-target-system-zlib=auto --enable-objc-gc=auto --enable-multiarch --disable-werror --with-arch-32=i686 --with-abi=m64 --with-multilib-list=m32,m64,mx32 --enable-multilib --with-tune=generic --enable-offload-targets=nvptx-none=/build/gcc-9-05ho5U/gcc-9-9.4.0/debian/tmp-nvptx/usr,hsa --without-cuda-driver --enable-checking=release --build=x86_64-linux-gnu --host=x86_64-linux-gnu --target=x86_64-linux-gnu
Thread model: posix
gcc version 9.4.0 (Ubuntu 9.4.0-1ubuntu1~20.04.3) 
COLLECT_GCC_OPTIONS='-v' '-o' 'CMakeFiles/cmTC_718cd.dir/CMakeCCompilerABI.c.o' '-c' '-mtune=generic' '-march=x86-64'
 /usr/lib/gcc/x86_64-linux-gnu/9/cc1 -quiet -v -imultiarch x86_64-linux-gnu /usr/share/cmake-3.16/Modules/CMakeCCompilerABI.c -quiet -dumpbase CMakeCCompilerABI.c -mtune=generic -march=x86-64 -auxbase-strip CMakeFiles/cmTC_718cd.dir/CMakeCCompilerABI.c.o -version -fasynchronous-unwind-tables -fstack-protector-strong -Wformat -Wformat-security -fstack-clash-protection -fcf-protection -o /tmp/ccBd5EMG.s
GNU C17 (Ubuntu 9.4.0-1ubuntu1~20.04.3) version 9.4.0 (x86_64-linux-gnu)
	compiled by GNU C version 9.4.0, GMP version 6.2.0, MPFR version 4.0.2, MPC version 1.1.0, isl version isl-0.22.1-GMP

GGC heuristics: --param ggc-min-expand=100 --param ggc-min-heapsize=131072
ignoring nonexistent directory "/usr/local/include/x86_64-linux-gnu"
ignoring nonexistent directory "/usr/lib/gcc/x86_64-linux-gnu/9/include-fixed"
ignoring nonexistent directory "/usr/lib/gcc/x86_64-linux-gnu/9/../../../../x86_64-linux-gnu/include"
#include "..." search starts here:
#include <...> search starts here:
 /usr/lib/gcc/x86_64-linux-gnu/9/include
 /usr/local/include
 /usr/include/x86_64-linux-gnu
 /usr/include
End of search list.
GNU C17 (Ubuntu 9.4.0-1ubuntu1~20.04.3) version 9.4.0 (x86_64-linux-gnu)
	compiled by GNU C version 9.4.0, GMP version 6.2.0, MPFR version 4.0.2, MPC version 1.1.0, isl version isl-0.22.1-GMP

GGC heuristics: --param ggc-min-expand=100 --param ggc-min-heapsize=131072
Compiler executable checksum: d50f9baaf86b1ab1ea2b5e982c779df7
COLLECT_GCC_OPTIONS='-v' '-o' 'CMakeFiles/cmTC_718cd.dir/CMakeCCompilerABI.c.o' '-c' '-mtune=generic' '-march=x86-64'
 as -v --64 -o CMakeFiles/cmTC_718cd.dir/CMakeCCompilerABI.c.o /tmp/ccBd5EMG.s
GNU assembler version 2.34 (x86_64-linux-gnu) using BFD version (GNU Binutils for Ubuntu) 2.34
COMPILER_PATH=/usr/lib/gcc/x86_64-linux-gnu/9/:/usr/lib/gcc/x86_64-linux-gnu/9/:/usr/lib/gcc/x86_64-linux-gnu/:/usr/lib/gcc/x86_64-linux-gnu/9/:/usr/lib/gcc/x86_64-linux-gnu/
LIBRARY_PATH=/usr/lib/gcc/x86_64-linux-gnu/9/:/usr/lib/gcc/x86_64-linux-gnu/9/../../../x86_64-linux-gnu/:/usr/lib/gcc/x86_64-linux-gnu/9/../../../../lib/:/lib/x86_64-linux-gnu/:/lib/../lib/:/usr/lib/x86_64-linux-gnu/:/usr/lib/../lib/:/usr/lib/gcc/x86_64-linux-gnu/9/../../../:/lib/:/usr/lib/
COLLECT_GCC_OPTIONS='-v' '-o' 'CMakeFiles/cmTC_718cd.dir/CMakeCCompilerABI.c.o' '-c' '-mtune=generic' '-march=x86-64'
Linking C executable cmTC_718cd
/usr/bin/cmake -E cmake_link_script CMakeFiles/cmTC_718cd.dir/link.txt --verbose=1
/usr/bin/cc     -v -rdynamic CMakeFiles/cmTC_718cd.dir/CMakeCCompilerABI.c.o  -o cmTC_718cd 
Using built-in specs.
COLLECT_GCC=/usr/bin/cc
COLLECT_LTO_WRAPPER=/usr/lib/gcc/x86_64-linux-gnu/9/lto-wrapper
OFFLOAD_TARGET_NAMES=nvptx-none:hsa
OFFLOAD_TARGET_DEFAULT=1
Target: x86_64-linux-gnu
Configured with: ../src/configure -v --with-pkgversion='Ubuntu 9.4.0-1ubuntu1~20.04.3' --with-bugurl=file:///usr/share/doc/gcc-9/README.Bugs --enable-languages=c,ada,c++,go,brig,d,fortran,objc,obj-c++,gm2 --prefix=/usr --with-gcc-major-version-only --program-suffix=-9 --program-prefix=x86_64-linux-gnu- --enable-shared --enable-linker-build-id --libexecdir=/usr/lib --without-included-gettext --enable-threads=posix --libdir=/usr/lib --enable-nls --enable-clocale=gnu --enable-libstdcxx-debug --enable-libstdcxx-time=yes --with-default-libstdcxx-abi=new --enable-gnu-unique-object --disable-vtable-verify --enable-plugin --enable-default-pie --with-system-zlib --with-target-system-zlib=auto --enable-objc-gc=auto --enable-multiarch --disable-werror --with-arch-32=i686 --with-abi=m64 --with-multilib-list=m32,m64,mx32 --enable-multilib --with-tune=generic --enable-offload-targets=nvptx-none=/build/gcc-9-05ho5U/gcc-9-9.4.0/debian/tmp-nvptx/usr,hsa --without-cuda-driver --enable-checking=release --build=x86_64-linux-gnu --host=x86_64-linux-gnu --target=x86_64-linux-gnu
Thread model: posix
gcc version 9.4.0 (Ubuntu 9.4.0-1ubuntu1~20.04.3) 
COMPILER_PATH=/usr/lib/gcc/x86_64-linux-gnu/9/:/usr/lib/gcc/x86_64-linux-gnu/9/:/usr/lib/gcc/x86_64-linux-gnu/:/usr/lib/gcc/x86_64-linux-gnu/9/:/usr/lib/gcc/x86_64-linux-gnu/
LIBRARY_PATH=/usr/lib/gcc/x86_64-linux-gnu/9/:/usr/lib/gcc/x86_64-linux-gnu/9/../../../x86_64-linux-gnu/:/usr/lib/gcc/x86_64-linux-gnu/9/../../../../lib/:/lib/x86_64-linux-gnu/:/lib/../lib/:/usr/lib/x86_64-linux-gnu/:/usr/lib/../lib/:/usr/lib/gcc/x86_64-linux-gnu/9/../../../:/lib/:/usr/lib/
COLLECT_GCC_OPTIONS='-v' '-rdynamic' '-o' 'cmTC_718cd' '-mtune=generic' '-march=x86-64'
 /usr/lib/gcc/x86_64-linux-gnu/9/collect2 -plugin /usr/lib/gcc/x86_64-linux-gnu/9/liblto_plugin.so -plugin-opt=/usr/lib/gcc/x86_64-linux-gnu/9/lto-wrapper -plugin-opt=-fresolution=/tmp/ccdi5Bs8.res -plugin-opt=-pass-through=-lgcc -plugin-opt=-pass-through=-lgcc_s -plugin-opt=-pass-through=-lc -plugin-opt=-pass-through=-lgcc -plugin-opt=-pass-through=-lgcc_s --build-id --eh-frame-hdr -m elf_x86_64 --hash-style=gnu --as-needed -export-dynamic -dynamic-linker /lib64/ld-linux-x86-64.so.2 -pie -z now -z relro -o cmTC_718cd /usr/lib/gcc/x86_64-linux-gnu/9/../../../x86_64-linux-gnu/Scrt1.o /usr/lib/gcc/x86_64-linux-gnu/9/../../../x86_64-linux-gnu/crti.o /usr/lib/gcc/x86_64-linux-gnu/9/crtbeginS.o -L/usr/lib/gcc/x86_64-linux-gnu/9 -L/usr/lib/gcc/x86_64-linux-gnu/9/../../../x86_64-linux-gnu -L/usr/lib/gcc/x86_64-linux-gnu/9/../../../../lib -L/lib/x86_64-linux-gnu -L/lib/../lib -L/usr/lib/x86_64-linux-gnu -L/usr/lib/../lib -L/usr/lib/gcc/x86_64-linux-gnu/9/../../.. CMakeFiles/cmTC_718cd.dir/CMakeCCompilerABI.c.o -lgcc --push-state --as-needed -lgcc_s --pop-state -lc -lgcc --push-state --as-needed -lgcc_s --pop-state /usr/lib/gcc/x86_64-linux-gnu/9/crtendS.o /usr/lib/gcc/x86_64-linux-gnu/9/../../../x86_64-linux-gnu/crtn.o
COLLECT_GCC_OPTIONS='-v' '-rdynamic' '-o' 'cmTC_718cd' '-mtune=generic' '-march=x86-64'
make[1]: Leaving directory '/home/rajat/502_lab/lab21/lab21_template-20241118T175751Z-001/lab21_template/lcm-1.4.0/build/CMakeFiles/CMakeTmp'



Parsed C implicit include dir info from above output: rv=done
  found start of include info
  found start of implicit include info
    add: [/usr/lib/gcc/x86_64-linux-gnu/9/include]
    add: [/usr/local/include]
    add: [/usr/include/x86_64-linux-gnu]
    add: [/usr/include]
  end of search list found
  collapse include dir [/usr/lib/gcc/x86_64-linux-gnu/9/include] ==> [/usr/lib/gcc/x86_64-linux-gnu/9/include]
  collapse include dir [/usr/local/include] ==> [/usr/local/include]
  collapse include dir [/usr/include/x86_64-linux-gnu] ==> [/usr/include/x86_64-linux-gnu]
  collapse include dir [/usr/include] ==> [/usr/include]
  implicit include dirs: [/usr/lib/gcc/x86_64-linux-gnu/9/include;/usr/local/include;/usr/include/x86_64-linux-gnu;/usr/include]


Parsed C implicit link information from above output:
  link line regex: [^( *|.*[/\])(ld|CMAKE_LINK_STARTFILE-NOTFOUND|([^/\]+-)?ld|collect2)[^/\]*( |$)]
  ignore line: [Change Dir: /home/rajat/502_lab/lab21/lab21_template-20241118T175751Z-001/lab21_template/lcm-1.4.0/build/CMakeFiles/CMakeTmp]
  ignore line: []
  ignore line: [Run Build Command(s):/usr/bin/make cmTC_718cd/fast && /usr/bin/make -f CMakeFiles/cmTC_718cd.dir/build.make CMakeFiles/cmTC_718cd.dir/build]
  ignore line: [make[1]: Entering directory '/home/rajat/502_lab/lab21/lab21_template-20241118T175751Z-001/lab21_template/lcm-1.4.0/build/CMakeFiles/CMakeTmp']
  ignore line: [Building C object CMakeFiles/cmTC_718cd.dir/CMakeCCompilerABI.c.o]
  ignore line: [/usr/bin/cc   -v -o CMakeFiles/cmTC_718cd.dir/CMakeCCompilerABI.c.o   -c /usr/share/cmake-3.16/Modules/CMakeCCompilerABI.c]
  ignore line: [Using built-in specs.]
  ignore line: [COLLECT_GCC=/usr/bin/cc]
  ignore line: [OFFLOAD_TARGET_NAMES=nvptx-none:hsa]
  ignore line: [OFFLOAD_TARGET_DEFAULT=1]
  ignore line: [Target: x86_64-linux-gnu]
  ignore line: [Configured with: ../src/configure -v --with-pkgversion='Ubuntu 9.4.0-1ubuntu1~20.04.3' --with-bugurl=file:///usr/share/doc/gcc-9/README.Bugs --enable-languages=c ada c++ go brig d fortran objc obj-c++ gm2 --prefix=/usr --with-gcc-major-version-only --program-suffix=-9 --program-prefix=x86_64-linux-gnu- --enable-shared --enable-linker-build-id --libexecdir=/usr/lib --without-included-gettext --enable-threads=posix --libdir=/usr/lib --enable-nls --enable-clocale=gnu --enable-libstdcxx-debug --enable-libstdcxx-time=yes --with-default-libstdcxx-abi=new --enable-gnu-unique-object --disable-vtable-verify --enable-plugin --enable-default-pie --with-system-zlib --with-target-system-zlib=auto --enable-objc-gc=auto --enable-multiarch --disable-werror --with-arch-32=i686 --with-abi=m64 --with-multilib-list=m32 m64 mx32 --enable-multilib --with-tune=generic --enable-offload-targets=nvptx-none=/build/gcc-9-05ho5U/gcc-9-9.4.0/debian/tmp-nvptx/usr hsa --without-cuda-driver --enable-checking=release --build=x86_64-linux-gnu --host=x86_64-linux-gnu --target=x86_64-linux-gnu]
  ignore line: [Thread model: posix]
  ignore line: [gcc version 9.4.0 (Ubuntu 9.4.0-1ubuntu1~20.04.3) ]
  ignore line: [COLLECT_GCC_OPTIONS='-v' '-o' 'CMakeFiles/cmTC_718cd.dir/CMakeCCompilerABI.c.o' '-c' '-mtune=generic' '-march=x86-64']
  ignore line: [ /usr/lib/gcc/x86_64-linux-gnu/9/cc1 -quiet -v -imultiarch x86_64-linux-gnu /usr/share/cmake-3.16/Modules/CMakeCCompilerABI.c -quiet -dumpbase CMakeCCompilerABI.c -mtune=generic -march=x86-64 -auxbase-strip CMakeFiles/cmTC_718cd.dir/CMakeCCompilerABI.c.o -version -fasynchronous-unwind-tables -fstack-protector-strong -Wformat -Wformat-security -fstack-clash-protection -fcf-protection -o /tmp/ccBd5EMG.s]
  ignore line: [GNU C17 (Ubuntu 9.4.0-1ubuntu1~20.04.3) version 9.4.0 (x86_64-linux-gnu)]
  ignore line: [	compiled by GNU C version 9.4.0  GMP version 6.2.0  MPFR version 4.0.2  MPC version 1.1.0  isl version isl-0.22.1-GMP]
  ignore line: []
  ignore line: [GGC heuristics: --param ggc-min-expand=100 --param ggc-min-heapsize=131072]
  ignore line: [ignoring nonexistent directory "/usr/local/include/x86_64-linux-gnu"]
  ignore line: [ignoring nonexistent directory "/usr/lib/gcc/x86_64-linux-gnu/9/include-fixed"]
  ignore line: [ignoring nonexistent directory "/usr/lib/gcc/x86_64-linux-gnu/9/../../../../x86_64-linux-gnu/include"]
  ignore line: [#include "..." search starts here:]
  ignore line: [#include <...> search starts here:]
  ignore line: [ /usr/lib/gcc/x86_64-linux-gnu/9/include]
  ignore line: [ /usr/local/include]
  ignore line: [ /usr/include/x86_64-linux-gnu]
  ignore line: [ /usr/include]
  ignore line: [End of search list.]
  ignore line: [GNU C17 (Ubuntu 9.4.0-1ubuntu1~20.04.3) version 9.4.0 (x86_64-linux-gnu)]
  ignore line: [	compiled by GNU C version 9.4.0  GMP version 6.2.0  MPFR version 4.0.2  MPC version 1.1.0  isl version isl-0.22.1-GMP]
  ignore line: []
  ignore line: [GGC heuristics: --param ggc-min-expand=100 --param ggc-min-heapsize=131072]
  ignore line: [Compiler executable checksum: d50f9baaf86b1ab1ea2b5e982c779df7]
  ignore line: [COLLECT_GCC_OPTIONS='-v' '-o' 'CMakeFiles/cmTC_718cd.dir/CMakeCCompilerABI.c.o' '-c' '-mtune=generic' '-march=x86-64']
  ignore line: [ as -v --64 -o CMakeFiles/cmTC_718cd.dir/CMakeCCompilerABI.c.o /tmp/ccBd5EMG.s]
  ignore line: [GNU assembler version 2.34 (x86_64-linux-gnu) using BFD version (GNU Binutils for Ubuntu) 2.34]
  ignore line: [COMPILER_PATH=/usr/lib/gcc/x86_64-linux-gnu/9/:/usr/lib/gcc/x86_64-linux-gnu/9/:/usr/lib/gcc/x86_64-linux-gnu/:/usr/lib/gcc/x86_64-linux-gnu/9/:/usr/lib/gcc/x86_64-linux-gnu/]
  ignore line: [LIBRARY_PATH=/usr/lib/gcc/x86_64-linux-gnu/9/:/usr/lib/gcc/x86_64-linux-gnu/9/../../../x86_64-linux-gnu/:/usr/lib/gcc/x86_64-linux-gnu/9/../../../../lib/:/lib/x86_64-linux-gnu/:/lib/../lib/:/usr/lib/x86_64-linux-gnu/:/usr/lib/../lib/:/usr/lib/gcc/x86_64-linux-gnu/9/../../../:/lib/:/usr/lib/]
  ignore line: [COLLECT_GCC_OPTIONS='-v' '-o' 'CMakeFiles/cmTC_718cd.dir/CMakeCCompilerABI.c.o' '-c' '-mtune=generic' '-march=x86-64']
  ignore line: [Linking C executable cmTC_718cd]
  ignore line: [/usr/bin/cmake -E cmake_link_script CMakeFiles/cmTC_718cd.dir/link.txt --verbose=1]
  ignore line: [/usr/bin/cc     -v -rdynamic CMakeFiles/cmTC_718cd.dir/CMakeCCompilerABI.c.o  -o cmTC_718cd ]
  ignore line: [Using built-in specs.]
  ignore line: [COLLECT_GCC=/usr/bin/cc]
  ignore line: [COLLECT_LTO_WRAPPER=/usr/lib/gcc/x86_64-linux-gnu/9/lto-wrapper]
  ignore line: [OFFLOAD_TARGET_NAMES=nvptx-none:hsa]
  ignore line: [OFFLOAD_TARGET_DEFAULT=1]
  ignore line: [Target: x86_64-linux-gnu]
  ignore line: [Configured with: ../src/configure -v --with-pkgversion='Ubuntu 9.4.0-1ubuntu1~20.04.3' --with-bugurl=file:///usr/share/doc/gcc-9/README.Bugs --enable-languages=c ada c++ go brig d fortran objc obj-c++ gm2 --prefix=/usr --with-gcc-major-version-only --program-suffix=-9 --program-prefix=x86_64-linux-gnu- --enable-shared --enable-linker-build-id --libexecdir=/usr/lib --without-included-gettext --enable-threads=posix --libdir=/usr/lib --enable-nls --enable-clocale=gnu --enable-libstdcxx-debug --enable-libstdcxx-time=yes --with-default-libstdcxx-abi=new --enable-gnu-unique-object --disable-vtable-verify --enable-plugin --enable-default-pie --with-system-zlib --with-target-system-zlib=auto --enable-objc-gc=auto --enable-multiarch --disable-werror --with-arch-32=i686 --with-abi=m64 --with-multilib-list=m32 m64 mx32 --enable-multilib --with-tune=generic --enable-offload-targets=nvptx-none=/build/gcc-9-05ho5U/gcc-9-9.4.0/debian/tmp-nvptx/usr hsa --without-cuda-driver --enable-checking=release --build=x86_64-linux-gnu --host=x86_64-linux-gnu --target=x86_64-linux-gnu]
  ignore line: [Thread model: posix]
  ignore line: [gcc version 9.4.0 (Ubuntu 9.4.0-1ubuntu1~20.04.3) ]
  ignore line: [COMPILER_PATH=/usr/lib/gcc/x86_64-linux-gnu/9/:/usr/lib/gcc/x86_64-linux-gnu/9/:/usr/lib/gcc/x86_64-linux-gnu/:/usr/lib/gcc/x86_64-linux-gnu/9/:/usr/lib/gcc/x86_64-linux-gnu/]
  ignore line: [LIBRARY_PATH=/usr/lib/gcc/x86_64-linux-gnu/9/:/usr/lib/gcc/x86_64-linux-gnu/9/../../../x86_64-linux-gnu/:/usr/lib/gcc/x86_64-linux-gnu/9/../../../../lib/:/lib/x86_64-linux-gnu/:/lib/../lib/:/usr/lib/x86_64-linux-gnu/:/usr/lib/../lib/:/usr/lib/gcc/x86_64-linux-gnu/9/../../../:/lib/:/usr/lib/]
  ignore line: [COLLECT_GCC_OPTIONS='-v' '-rdynamic' '-o' 'cmTC_718cd' '-mtune=generic' '-march=x86-64']
  link line: [ /usr/lib/gcc/x86_64-linux-gnu/9/collect2 -plugin /usr/lib/gcc/x86_64-linux-gnu/9/liblto_plugin.so -plugin-opt=/usr/lib/gcc/x86_64-linux-gnu/9/lto-wrapper -plugin-opt=-fresolution=/tmp/ccdi5Bs8.res -plugin-opt=-pass-through=-lgcc -plugin-opt=-pass-through=-lgcc_s -plugin-opt=-pass-through=-lc -plugin-opt=-pass-through=-lgcc -plugin-opt=-pass-through=-lgcc_s --build-id --eh-frame-hdr -m elf_x86_64 --hash-style=gnu --as-needed -export-dynamic -dynamic-linker /lib64/ld-linux-x86-64.so.2 -pie -z now -z relro -o cmTC_718cd /usr/lib/gcc/x86_64-linux-gnu/9/../../../x86_64-linux-gnu/Scrt1.o /usr/lib/gcc/x86_64-linux-gnu/9/../../../x86_64-linux-gnu/crti.o /usr/lib/gcc/x86_64-linux-gnu/9/crtbeginS.o -L/usr/lib/gcc/x86_64-linux-gnu/9 -L/usr/lib/gcc/x86_64-linux-gnu/9/../../../x86_64-linux-gnu -L/usr/lib/gcc/x86_64-linux-gnu/9/../../../../lib -L/lib/x86_64-linux-gnu -L/lib/../lib -L/usr/lib/x86_64-linux-gnu -L/usr/lib/../lib -L/usr/lib/gcc/x86_64-linux-gnu/9/../../.. CMakeFiles/cmTC_718cd.dir/CMakeCCompilerABI.c.o -lgcc --push-state --as-needed -lgcc_s --pop-state -lc -lgcc --push-state --as-needed -lgcc_s --pop-state /usr/lib/gcc/x86_64-linux-gnu/9/crtendS.o /usr/lib/gcc/x86_64-linux-gnu/9/../../../x86_64-linux-gnu/crtn.o]
    arg [/usr/lib/gcc/x86_64-linux-gnu/9/collect2] ==> ignore
    arg [-plugin] ==> ignore
    arg [/usr/lib/gcc/x86_64-linux-gnu/9/liblto_plugin.so] ==> ignore
    arg [-plugin-opt=/usr/lib/gcc/x86_64-linux-gnu/9/lto-wrapper] ==> ignore
    arg [-plugin-opt=-fresolution=/tmp/ccdi5Bs8.res] ==> ignore
    arg [-plugin-opt=-pass-through=-lgcc] ==> ignore
    arg [-plugin-opt=-pass-through=-lgcc_s] ==> ignore
    arg [-plugin-opt=-pass-through=-lc] ==> ignore
    arg [-plugin-opt=-pass-through=-lgcc] ==> ignore
    arg [-plugin-opt=-pass-through=-lgcc_s] ==> ignore
    arg [--build-id] ==> ignore
    arg [--eh-frame-hdr] ==> ignore
    arg [-m] ==> ignore
    arg [elf_x86_64] ==> ignore
    arg [--hash-style=gnu] ==> ignore
    arg [--as-needed] ==> ignore
    arg [-export-dynamic] ==> ignore
    arg [-dynamic-linker] ==> ignore
    arg [/lib64/ld-linux-x86-64.so.2] ==> ignore
    arg [-pie] ==> ignore
    arg [-znow] ==> ignore
    arg [-zrelro] ==> ignore
    arg [-o] ==> ignore
    arg [cmTC_718cd] ==> ignore
    arg [/usr/lib/gcc/x86_64-linux-gnu/9/../../../x86_64-linux-gnu/Scrt1.o] ==> ignore
    arg [/usr/lib/gcc/x86_64-linux-gnu/9/../../../x86_64-linux-gnu/crti.o] ==> ignore
    arg [/usr/lib/gcc/x86_64-linux-gnu/9/crtbeginS.o] ==> ignore
    arg [-L/usr/lib/gcc/x86_64-linux-gnu/9] ==> dir [/usr/lib/gcc/x86_64-linux-gnu/9]
    arg [-L/usr/lib/gcc/x86_64-linux-gnu/9/../../../x86_64-linux-gnu] ==> dir [/usr/lib/gcc/x86_64-linux-gnu/9/../../../x86_64-linux-gnu]
    arg [-L/usr/lib/gcc/x86_64-linux-gnu/9/../../../../lib] ==> dir [/usr/lib/gcc/x86_64-linux-gnu/9/../../../../lib]
    arg [-L/lib/x86_64-linux-gnu] ==> dir [/lib/x86_64-linux-gnu]
    arg [-L/lib/../lib] ==> dir [/lib/../lib]
    arg [-L/usr/lib/x86_64-linux-gnu] ==> dir [/usr/lib/x86_64-linux-gnu]
    arg [-L/usr/lib/../lib] ==> dir [/usr/lib/../lib]
    arg [-L/usr/lib/gcc/x86_64-linux-gnu/9/../../..] ==> dir [/usr/lib/gcc/x86_64-linux-gnu/9/../../..]
    arg [CMakeFiles/cmTC_718cd.dir/CMakeCCompilerABI.c.o] ==> ignore
    arg [-lgcc] ==> lib [gcc]
    arg [--push-state] ==> ignore
    arg [--as-needed] ==> ignore
    arg [-lgcc_s] ==> lib [gcc_s]
    arg [--pop-state] ==> ignore
    arg [-lc] ==> lib [c]
    arg [-lgcc] ==> lib [gcc]
    arg [--push-state] ==> ignore
    arg [--as-needed] ==> ignore
    arg [-lgcc_s] ==> lib [gcc_s]
    arg [--pop-state] ==> ignore
    arg [/usr/lib/gcc/x86_64-linux-gnu/9/crtendS.o] ==> ignore
    arg [/usr/lib/gcc/x86_64-linux-gnu/9/../../../x86_64-linux-gnu/crtn.o] ==> ignore
  collapse library dir [/usr/lib/gcc/x86_64-linux-gnu/9] ==> [/usr/lib/gcc/x86_64-linux-gnu/9]
  collapse library dir [/usr/lib/gcc/x86_64-linux-gnu/9/../../../x86_64-linux-gnu] ==> [/usr/lib/x86_64-linux-gnu]
  collapse library dir [/usr/lib/gcc/x86_64-linux-gnu/9/../../../../lib] ==> [/usr/lib]
  collapse library dir [/lib/x86_64-linux-gnu] ==> [/lib/x86_64-linux-gnu]
  collapse library dir [/lib/../lib] ==> [/lib]
  collapse library dir [/usr/lib/x86_64-linux-gnu] ==> [/usr/lib/x86_64-linux-gnu]
  collapse library dir [/usr/lib/../lib] ==> [/usr/lib]
  collapse library dir [/usr/lib/gcc/x86_64-linux-gnu/9/../../..] ==> [/usr/lib]
  implicit libs: [gcc;gcc_s;c;gcc;gcc_s]
  implicit dirs: [/usr/lib/gcc/x86_64-linux-gnu/9;/usr/lib/x86_64-linux-gnu;/usr/lib;/lib/x86_64-linux-gnu;/lib]
  implicit fwks: []


Determining if the CXX compiler works passed with the following output:
Change Dir: /home/rajat/502_lab/lab21/lab21_template-20241118T175751Z-001/lab21_template/lcm-1.4.0/build/CMakeFiles/CMakeTmp

Run Build Command(s):/usr/bin/make cmTC_eb06a/fast && /usr/bin/make -f CMakeFiles/cmTC_eb06a.dir/build.make CMakeFiles/cmTC_eb06a.dir/build
make[1]: Entering directory '/home/rajat/502_lab/lab21/lab21_template-20241118T175751Z-001/lab21_template/lcm-1.4.0/build/CMakeFiles/CMakeTmp'
Building CXX object CMakeFiles/cmTC_eb06a.dir/testCXXCompiler.cxx.o
/usr/bin/c++     -o CMakeFiles/cmTC_eb06a.dir/testCXXCompiler.cxx.o -c /home/rajat/502_lab/lab21/lab21_template-20241118T175751Z-001/lab21_template/lcm-1.4.0/build/CMakeFiles/CMakeTmp/testCXXCompiler.cxx
Linking CXX executable cmTC_eb06a
/usr/bin/cmake -E cmake_link_script CMakeFiles/cmTC_eb06a.dir/link.txt --verbose=1
/usr/bin/c++       -rdynamic CMakeFiles/cmTC_eb06a.dir/testCXXCompiler.cxx.o  -o cmTC_eb06a 
make[1]: Leaving directory '/home/rajat/502_lab/lab21/lab21_template-20241118T175751Z-001/lab21_template/lcm-1.4.0/build/CMakeFiles/CMakeTmp'



Detecting CXX compiler ABI info compiled with the following output:
Change Dir: /home/rajat/502_lab/lab21/lab21_template-20241118T175751Z-001/lab21_template/lcm-1.4.0/build/CMakeFiles/CMakeTmp

Run Build Command(s):/usr/bin/make cmTC_98337/fast && /usr/bin/make -f CMakeFiles/cmTC_98337.dir/build.make CMakeFiles/cmTC_98337.dir/build
make[1]: Entering directory '/home/rajat/502_lab/lab21/lab21_template-20241118T175751Z-001/lab21_template/lcm-1.4.0/build/CMakeFiles/CMakeTmp'
Building CXX object CMakeFiles/cmTC_98337.dir/CMakeCXXCompilerABI.cpp.o
/usr/bin/c++    -v -o CMakeFiles/cmTC_98337.dir/CMakeCXXCompilerABI.cpp.o -c /usr/share/cmake-3.16/Modules/CMakeCXXCompilerABI.cpp
Using built-in specs.
COLLECT_GCC=/usr/bin/c++
OFFLOAD_TARGET_NAMES=nvptx-none:hsa
OFFLOAD_TARGET_DEFAULT=1
Target: x86_64-linux-gnu
Configured with: ../src/configure -v --with-pkgversion='Ubuntu 9.4.0-1ubuntu1~20.04.3' --with-bugurl=file:///usr/share/doc/gcc-9/README.Bugs --enable-languages=c,ada,c++,go,brig,d,fortran,objc,obj-c++,gm2 --prefix=/usr --with-gcc-major-version-only --program-suffix=-9 --program-prefix=x86_64-linux-gnu- --enable-shared --enable-linker-build-id --libexecdir=/usr/lib --without-included-gettext --enable-threads=posix --libdir=/usr/lib --enable-nls --enable-clocale=gnu --enable-libstdcxx-debug --enable-libstdcxx-time=yes --with-default-libstdcxx-abi=new --enable-gnu-unique-object --disable-vtable-verify --enable-plugin --enable-default-pie --with-system-zlib --with-target-system-zlib=auto --enable-objc-gc=auto --enable-multiarch --disable-werror --with-arch-32=i686 --with-abi=m64 --with-multilib-list=m32,m64,mx32 --enable-multilib --with-tune=generic --enable-offload-targets=nvptx-none=/build/gcc-9-05ho5U/gcc-9-9.4.0/debian/tmp-nvptx/usr,hsa --without-cuda-driver --enable-checking=release --build=x86_64-linux-gnu --host=x86_64-linux-gnu --target=x86_64-linux-gnu
Thread model: posix
gcc version 9.4.0 (Ubuntu 9.4.0-1ubuntu1~20.04.3) 
COLLECT_GCC_OPTIONS='-v' '-o' 'CMakeFiles/cmTC_98337.dir/CMakeCXXCompilerABI.cpp.o' '-c' '-shared-libgcc' '-mtune=generic' '-march=x86-64'
 /usr/lib/gcc/x86_64-linux-gnu/9/cc1plus -quiet -v -imultiarch x86_64-linux-gnu -D_GNU_SOURCE /usr/share/cmake-3.16/Modules/CMakeCXXCompilerABI.cpp -quiet -dumpbase CMakeCXXCompilerABI.cpp -mtune=generic -march=x86-64 -auxbase-strip CMakeFiles/cmTC_98337.dir/CMakeCXXCompilerABI.cpp.o -version -fasynchronous-unwind-tables -fstack-protector-strong -Wformat -Wformat-security -fstack-clash-protection -fcf-protection -o /tmp/ccBUmdIF.s
GNU C++14 (Ubuntu 9.4.0-1ubuntu1~20.04.3) version 9.4.0 (x86_64-linux-gnu)
	compiled by GNU C version 9.4.0, GMP version 6.2.0, MPFR version 4.0.2, MPC version 1.1.0, isl version isl-0.22.1-GMP

GGC heuristics: --param ggc-min-expand=100 --param ggc-min-heapsize=131072
ignoring duplicate directory "/usr/include/x86_64-linux-gnu/c++/9"
ignoring nonexistent directory "/usr/local/include/x86_64-linux-gnu"
ignoring nonexistent directory "/usr/lib/gcc/x86_64-linux-gnu/9/include-fixed"
ignoring nonexistent directory "/usr/lib/gcc/x86_64-linux-gnu/9/../../../../x86_64-linux-gnu/include"
#include "..." search starts here:
#include <...> search starts here:
 /usr/include/c++/9
 /usr/include/x86_64-linux-gnu/c++/9
 /usr/include/c++/9/backward
 /usr/lib/gcc/x86_64-linux-gnu/9/include
 /usr/local/include
 /usr/include/x86_64-linux-gnu
 /usr/include
End of search list.
GNU C++14 (Ubuntu 9.4.0-1ubuntu1~20.04.3) version 9.4.0 (x86_64-linux-gnu)
	compiled by GNU C version 9.4.0, GMP version 6.2.0, MPFR version 4.0.2, MPC version 1.1.0, isl version isl-0.22.1-GMP

GGC heuristics: --param ggc-min-expand=100 --param ggc-min-heapsize=131072
Compiler executable checksum: 83d7bb95fd72194d0a05edf92f8757fb
COLLECT_GCC_OPTIONS='-v' '-o' 'CMakeFiles/cmTC_98337.dir/CMakeCXXCompilerABI.cpp.o' '-c' '-shared-libgcc' '-mtune=generic' '-march=x86-64'
 as -v --64 -o CMakeFiles/cmTC_98337.dir/CMakeCXXCompilerABI.cpp.o /tmp/ccBUmdIF.s
GNU assembler version 2.34 (x86_64-linux-gnu) using BFD version (GNU Binutils for Ubuntu) 2.34
COMPILER_PATH=/usr/lib/gcc/x86_64-linux-gnu/9/:/usr/lib/gcc/x86_64-linux-gnu/9/:/usr/lib/gcc/x86_64-linux-gnu/:/usr/lib/gcc/x86_64-linux-gnu/9/:/usr/lib/gcc/x86_64-linux-gnu/
LIBRARY_PATH=/usr/lib/gcc/x86_64-linux-gnu/9/:/usr/lib/gcc/x86_64-linux-gnu/9/../../../x86_64-linux-gnu/:/usr/lib/gcc/x86_64-linux-gnu/9/../../../../lib/:/lib/x86_64-linux-gnu/:/lib/../lib/:/usr/lib/x86_64-linux-gnu/:/usr/lib/../lib/:/usr/lib/gcc/x86_64-linux-gnu/9/../../../:/lib/:/usr/lib/
COLLECT_GCC_OPTIONS='-v' '-o' 'CMakeFiles/cmTC_98337.dir/CMakeCXXCompilerABI.cpp.o' '-c' '-shared-libgcc' '-mtune=generic' '-march=x86-64'
Linking CXX executable cmTC_98337
/usr/bin/cmake -E cmake_link_script CMakeFiles/cmTC_98337.dir/link.txt --verbose=1
/usr/bin/c++      -v -rdynamic CMakeFiles/cmTC_98337.dir/CMakeCXXCompilerABI.cpp.o  -o cmTC_98337 
Using built-in specs.
COLLECT_GCC=/usr/bin/c++
COLLECT_LTO_WRAPPER=/usr/lib/gcc/x86_64-linux-gnu/9/lto-wrapper
OFFLOAD_TARGET_NAMES=nvptx-none:hsa
OFFLOAD_TARGET_DEFAULT=1
Target: x86_64-linux-gnu
Configured with: ../src/configure -v --with-pkgversion='Ubuntu 9.4.0-1ubuntu1~20.04.3' --with-bugurl=file:///usr/share/doc/gcc-9/README.Bugs --enable-languages=c,ada,c++,go,brig,d,fortran,objc,obj-c++,gm2 --prefix=/usr --with-gcc-major-version-only --program-suffix=-9 --program-prefix=x86_64-linux-gnu- --enable-shared --enable-linker-build-id --libexecdir=/usr/lib --without-included-gettext --enable-threads=posix --libdir=/usr/lib --enable-nls --enable-clocale=gnu --enable-libstdcxx-debug --enable-libstdcxx-time=yes --with-default-libstdcxx-abi=new --enable-gnu-unique-object --disable-vtable-verify --enable-plugin --enable-default-pie --with-system-zlib --with-target-system-zlib=auto --enable-objc-gc=auto --enable-multiarch --disable-werror --with-arch-32=i686 --with-abi=m64 --with-multilib-list=m32,m64,mx32 --enable-multilib --with-tune=generic --enable-offload-targets=nvptx-none=/build/gcc-9-05ho5U/gcc-9-9.4.0/debian/tmp-nvptx/usr,hsa --without-cuda-driver --enable-checking=release --build=x86_64-linux-gnu --host=x86_64-linux-gnu --target=x86_64-linux-gnu
Thread model: posix
gcc version 9.4.0 (Ubuntu 9.4.0-1ubuntu1~20.04.3) 
COMPILER_PATH=/usr/lib/gcc/x86_64-linux-gnu/9/:/usr/lib/gcc/x86_64-linux-gnu/9/:/usr/lib/gcc/x86_64-linux-gnu/:/usr/lib/gcc/x86_64-linux-gnu/9/:/usr/lib/gcc/x86_64-linux-gnu/
LIBRARY_PATH=/usr/lib/gcc/x86_64-linux-gnu/9/:/usr/lib/gcc/x86_64-linux-gnu/9/../../../x86_64-linux-gnu/:/usr/lib/gcc/x86_64-linux-gnu/9/../../../../lib/:/lib/x86_64-linux-gnu/:/lib/../lib/:/usr/lib/x86_64-linux-gnu/:/usr/lib/../lib/:/usr/lib/gcc/x86_64-linux-gnu/9/../../../:/lib/:/usr/lib/
COLLECT_GCC_OPTIONS='-v' '-rdynamic' '-o' 'cmTC_98337' '-shared-libgcc' '-mtune=generic' '-march=x86-64'
 /usr/lib/gcc/x86_64-linux-gnu/9/collect2 -plugin /usr/lib/gcc/x86_64-linux-gnu/9/liblto_plugin.so -plugin-opt=/usr/lib/gcc/x86_64-linux-gnu/9/lto-wrapper -plugin-opt=-fresolution=/tmp/ccx9Ofx7.res -plugin-opt=-pass-through=-lgcc_s -plugin-opt=-pass-through=-lgcc -plugin-opt=-pass-through=-lc -plugin-opt=-pass-through=-lgcc_s -plugin-opt=-pass-through=-lgcc --build-id --eh-frame-hdr -m elf_x86_64 --hash-style=gnu --as-needed -export-dynamic -dynamic-linker /lib64/ld-linux-x86-64.so.2 -pie -z now -z relro -o cmTC_98337 /usr/lib/gcc/x86_64-linux-gnu/9/../../../x86_64-linux-gnu/Scrt1.o /usr/lib/gcc/x86_64-linux-gnu/9/../../../x86_64-linux-gnu/crti.o /usr/lib/gcc/x86_64-linux-gnu/9/crtbeginS.o -L/usr/lib/gcc/x86_64-linux-gnu/9 -L/usr/lib/gcc/x86_64-linux-gnu/9/../../../x86_64-linux-gnu -L/usr/lib/gcc/x86_64-linux-gnu/9/../../../../lib -L/lib/x86_64-linux-gnu -L/lib/../lib -L/usr/lib/x86_64-linux-gnu -L/usr/lib/../lib -L/usr/lib/gcc/x86_64-linux-gnu/9/../../.. CMakeFiles/cmTC_98337.dir/CMakeCXXCompilerABI.cpp.o -lstdc++ -lm -lgcc_s -lgcc -lc -lgcc_s -lgcc /usr/lib/gcc/x86_64-linux-gnu/9/crtendS.o /usr/lib/gcc/x86_64-linux-gnu/9/../../../x86_64-linux-gnu/crtn.o
COLLECT_GCC_OPTIONS='-v' '-rdynamic' '-o' 'cmTC_98337' '-shared-libgcc' '-mtune=generic' '-march=x86-64'
make[1]: Leaving directory '/home/rajat/502_lab/lab21/lab21_template-20241118T175751Z-001/lab21_template/lcm-1.4.0/build/CMakeFiles/CMakeTmp'



Parsed CXX implicit include dir info from above output: rv=done
  found start of include info
  found start of implicit include info
    add: [/usr/include/c++/9]
    add: [/usr/include/x86_64-linux-gnu/c++/9]
    add: [/usr/include/c++/9/backward]
    add: [/usr/lib/gcc/x86_64-linux-gnu/9/include]
    add: [/usr/local/include]
    add: [/usr/include/x86_64-linux-gnu]
    add: [/usr/include]
  end of search list found
  collapse include dir [/usr/include/c++/9] ==> [/usr/include/c++/9]
  collapse include dir [/usr/include/x86_64-linux-gnu/c++/9] ==> [/usr/include/x86_64-linux-gnu/c++/9]
  collapse include dir [/usr/include/c++/9/backward] ==> [/usr/include/c++/9/backward]
  collapse include dir [/usr/lib/gcc/x86_64-linux-gnu/9/include] ==> [/usr/lib/gcc/x86_64-linux-gnu/9/include]
  collapse include dir [/usr/local/include] ==> [/usr/local/include]
  collapse include dir [/usr/include/x86_64-linux-gnu] ==> [/usr/include/x86_64-linux-gnu]
  collapse include dir [/usr/include] ==> [/usr/include]
  implicit include dirs: [/usr/include/c++/9;/usr/include/x86_64-linux-gnu/c++/9;/usr/include/c++/9/backward;/usr/lib/gcc/x86_64-linux-gnu/9/include;/usr/local/include;/usr/include/x86_64-linux-gnu;/usr/include]


Parsed CXX implicit link information from above output:
  link line regex: [^( *|.*[/\])(ld|CMAKE_LINK_STARTFILE-NOTFOUND|([^/\]+-)?ld|collect2)[^/\]*( |$)]
  ignore line: [Change Dir: /home/rajat/502_lab/lab21/lab21_template-20241118T175751Z-001/lab21_template/lcm-1.4.0/build/CMakeFiles/CMakeTmp]
  ignore line: []
  ignore line: [Run Build Command(s):/usr/bin/make cmTC_98337/fast && /usr/bin/make -f CMakeFiles/cmTC_98337.dir/build.make CMakeFiles/cmTC_98337.dir/build]
  ignore line: [make[1]: Entering directory '/home/rajat/502_lab/lab21/lab21_template-20241118T175751Z-001/lab21_template/lcm-1.4.0/build/CMakeFiles/CMakeTmp']
  ignore line: [Building CXX object CMakeFiles/cmTC_98337.dir/CMakeCXXCompilerABI.cpp.o]
  ignore line: [/usr/bin/c++    -v -o CMakeFiles/cmTC_98337.dir/CMakeCXXCompilerABI.cpp.o -c /usr/share/cmake-3.16/Modules/CMakeCXXCompilerABI.cpp]
  ignore line: [Using built-in specs.]
  ignore line: [COLLECT_GCC=/usr/bin/c++]
  ignore line: [OFFLOAD_TARGET_NAMES=nvptx-none:hsa]
  ignore line: [OFFLOAD_TARGET_DEFAULT=1]
  ignore line: [Target: x86_64-linux-gnu]
  ignore line: [Configured with: ../src/configure -v --with-pkgversion='Ubuntu 9.4.0-1ubuntu1~20.04.3' --with-bugurl=file:///usr/share/doc/gcc-9/README.Bugs --enable-languages=c ada c++ go brig d fortran objc obj-c++ gm2 --prefix=/usr --with-gcc-major-version-only --program-suffix=-9 --program-prefix=x86_64-linux-gnu- --enable-shared --enable-linker-build-id --libexecdir=/usr/lib --without-included-gettext --enable-threads=posix --libdir=/usr/lib --enable-nls --enable-clocale=gnu --enable-libstdcxx-debug --enable-libstdcxx-time=yes --with-default-libstdcxx-abi=new --enable-gnu-unique-object --disable-vtable-verify --enable-plugin --enable-default-pie --with-system-zlib --with-target-system-zlib=auto --enable-objc-gc=auto --enable-multiarch --disable-werror --with-arch-32=i686 --with-abi=m64 --with-multilib-list=m32 m64 mx32 --enable-multilib --with-tune=generic --enable-offload-targets=nvptx-none=/build/gcc-9-05ho5U/gcc-9-9.4.0/debian/tmp-nvptx/usr hsa --without-cuda-driver --enable-checking=release --build=x86_64-linux-gnu --host=x86_64-linux-gnu --target=x86_64-linux-gnu]
  ignore line: [Thread model: posix]
  ignore line: [gcc version 9.4.0 (Ubuntu 9.4.0-1ubuntu1~20.04.3) ]
  ignore line: [COLLECT_GCC_OPTIONS='-v' '-o' 'CMakeFiles/cmTC_98337.dir/CMakeCXXCompilerABI.cpp.o' '-c' '-shared-libgcc' '-mtune=generic' '-march=x86-64']
  ignore line: [ /usr/lib/gcc/x86_64-linux-gnu/9/cc1plus -quiet -v -imultiarch x86_64-linux-gnu -D_GNU_SOURCE /usr/share/cmake-3.16/Modules/CMakeCXXCompilerABI.cpp -quiet -dumpbase CMakeCXXCompilerABI.cpp -mtune=generic -march=x86-64 -auxbase-strip CMakeFiles/cmTC_98337.dir/CMakeCXXCompilerABI.cpp.o -version -fasynchronous-unwind-tables -fstack-protector-strong -Wformat -Wformat-security -fstack-clash-protection -fcf-protection -o /tmp/ccBUmdIF.s]
  ignore line: [GNU C++14 (Ubuntu 9.4.0-1ubuntu1~20.04.3) version 9.4.0 (x86_64-linux-gnu)]
  ignore line: [	compiled by GNU C version 9.4.0  GMP version 6.2.0  MPFR version 4.0.2  MPC version 1.1.0  isl version isl-0.22.1-GMP]
  ignore line: []
  ignore line: [GGC heuristics: --param ggc-min-expand=100 --param ggc-min-heapsize=131072]
  ignore line: [ignoring duplicate directory "/usr/include/x86_64-linux-gnu/c++/9"]
  ignore line: [ignoring nonexistent directory "/usr/local/include/x86_64-linux-gnu"]
  ignore line: [ignoring nonexistent directory "/usr/lib/gcc/x86_64-linux-gnu/9/include-fixed"]
  ignore line: [ignoring nonexistent directory "/usr/lib/gcc/x86_64-linux-gnu/9/../../../../x86_64-linux-gnu/include"]
  ignore line: [#include "..." search starts here:]
  ignore line: [#include <...> search starts here:]
  ignore line: [ /usr/include/c++/9]
  ignore line: [ /usr/include/x86_64-linux-gnu/c++/9]
  ignore line: [ /usr/include/c++/9/backward]
  ignore line: [ /usr/lib/gcc/x86_64-linux-gnu/9/include]
  ignore line: [ /usr/local/include]
  ignore line: [ /usr/include/x86_64-linux-gnu]
  ignore line: [ /usr/include]
  ignore line: [End of search list.]
  ignore line: [GNU C++14 (Ubuntu 9.4.0-1ubuntu1~20.04.3) version 9.4.0 (x86_64-linux-gnu)]
  ignore line: [	compiled by GNU C version 9.4.0  GMP version 6.2.0  MPFR version 4.0.2  MPC version 1.1.0  isl version isl-0.22.1-GMP]
  ignore line: []
  ignore line: [GGC heuristics: --param ggc-min-expand=100 --param ggc-min-heapsize=131072]
  ignore line: [Compiler executable checksum: 83d7bb95fd72194d0a05edf92f8757fb]
  ignore line: [COLLECT_GCC_OPTIONS='-v' '-o' 'CMakeFiles/cmTC_98337.dir/CMakeCXXCompilerABI.cpp.o' '-c' '-shared-libgcc' '-mtune=generic' '-march=x86-64']
  ignore line: [ as -v --64 -o CMakeFiles/cmTC_98337.dir/CMakeCXXCompilerABI.cpp.o /tmp/ccBUmdIF.s]
  ignore line: [GNU assembler version 2.34 (x86_64-linux-gnu) using BFD version (GNU Binutils for Ubuntu) 2.34]
  ignore line: [COMPILER_PATH=/usr/lib/gcc/x86_64-linux-gnu/9/:/usr/lib/gcc/x86_64-linux-gnu/9/:/usr/lib/gcc/x86_64-linux-gnu/:/usr/lib/gcc/x86_64-linux-gnu/9/:/usr/lib/gcc/x86_64-linux-gnu/]
  ignore line: [LIBRARY_PATH=/usr/lib/gcc/x86_64-linux-gnu/9/:/usr/lib/gcc/x86_64-linux-gnu/9/../../../x86_64-linux-gnu/:/usr/lib/gcc/x86_64-linux-gnu/9/../../../../lib/:/lib/x86_64-linux-gnu/:/lib/../lib/:/usr/lib/x86_64-linux-gnu/:/usr/lib/../lib/:/usr/lib/gcc/x86_64-linux-gnu/9/../../../:/lib/:/usr/lib/]
  ignore line: [COLLECT_GCC_OPTIONS='-v' '-o' 'CMakeFiles/cmTC_98337.dir/CMakeCXXCompilerABI.cpp.o' '-c' '-shared-libgcc' '-mtune=generic' '-march=x86-64']
  ignore line: [Linking CXX executable cmTC_98337]
  ignore line: [/usr/bin/cmake -E cmake_link_script CMakeFiles/cmTC_98337.dir/link.txt --verbose=1]
  ignore line: [/usr/bin/c++      -v -rdynamic CMakeFiles/cmTC_98337.dir/CMakeCXXCompilerABI.cpp.o  -o cmTC_98337 ]
  ignore line: [Using built-in specs.]
  ignore line: [COLLECT_GCC=/usr/bin/c++]
  ignore line: [COLLECT_LTO_WRAPPER=/usr/lib/gcc/x86_64-linux-gnu/9/lto-wrapper]
  ignore line: [OFFLOAD_TARGET_NAMES=nvptx-none:hsa]
  ignore line: [OFFLOAD_TARGET_DEFAULT=1]
  ignore line: [Target: x86_64-linux-gnu]
  ignore line: [Configured with: ../src/configure -v --with-pkgversion='Ubuntu 9.4.0-1ubuntu1~20.04.3' --with-bugurl=file:///usr/share/doc/gcc-9/README.Bugs --enable-languages=c ada c++ go brig d fortran objc obj-c++ gm2 --prefix=/usr --with-gcc-major-version-only --program-suffix=-9 --program-prefix=x86_64-linux-gnu- --enable-shared --enable-linker-build-id --libexecdir=/usr/lib --without-included-gettext --enable-threads=posix --libdir=/usr/lib --enable-nls --enable-clocale=gnu --enable-libstdcxx-debug --enable-libstdcxx-time=yes --with-default-libstdcxx-abi=new --enable-gnu-unique-object --disable-vtable-verify --enable-plugin --enable-default-pie --with-system-zlib --with-target-system-zlib=auto --enable-objc-gc=auto --enable-multiarch --disable-werror --with-arch-32=i686 --with-abi=m64 --with-multilib-list=m32 m64 mx32 --enable-multilib --with-tune=generic --enable-offload-targets=nvptx-none=/build/gcc-9-05ho5U/gcc-9-9.4.0/debian/tmp-nvptx/usr hsa --without-cuda-driver --enable-checking=release --build=x86_64-linux-gnu --host=x86_64-linux-gnu --target=x86_64-linux-gnu]
  ignore line: [Thread model: posix]
  ignore line: [gcc version 9.4.0 (Ubuntu 9.4.0-1ubuntu1~20.04.3) ]
  ignore line: [COMPILER_PATH=/usr/lib/gcc/x86_64-linux-gnu/9/:/usr/lib/gcc/x86_64-linux-gnu/9/:/usr/lib/gcc/x86_64-linux-gnu/:/usr/lib/gcc/x86_64-linux-gnu/9/:/usr/lib/gcc/x86_64-linux-gnu/]
  ignore line: [LIBRARY_PATH=/usr/lib/gcc/x86_64-linux-gnu/9/:/usr/lib/gcc/x86_64-linux-gnu/9/../../../x86_64-linux-gnu/:/usr/lib/gcc/x86_64-linux-gnu/9/../../../../lib/:/lib/x86_64-linux-gnu/:/lib/../lib/:/usr/lib/x86_64-linux-gnu/:/usr/lib/../lib/:/usr/lib/gcc/x86_64-linux-gnu/9/../../../:/lib/:/usr/lib/]
  ignore line: [COLLECT_GCC_OPTIONS='-v' '-rdynamic' '-o' 'cmTC_98337' '-shared-libgcc' '-mtune=generic' '-march=x86-64']
  link line: [ /usr/lib/gcc/x86_64-linux-gnu/9/collect2 -plugin /usr/lib/gcc/x86_64-linux-gnu/9/liblto_plugin.so -plugin-opt=/usr/lib/gcc/x86_64-linux-gnu/9/lto-wrapper -plugin-opt=-fresolution=/tmp/ccx9Ofx7.res -plugin-opt=-pass-through=-lgcc_s -plugin-opt=-pass-through=-lgcc -plugin-opt=-pass-through=-lc -plugin-opt=-pass-through=-lgcc_s -plugin-opt=-pass-through=-lgcc --build-id --eh-frame-hdr -m elf_x86_64 --hash-style=gnu --as-needed -export-dynamic -dynamic-linker /lib64/ld-linux-x86-64.so.2 -pie -z now -z relro -o cmTC_98337 /usr/lib/gcc/x86_64-linux-gnu/9/../../../x86_64-linux-gnu/Scrt1.o /usr/lib/gcc/x86_64-linux-gnu/9/../../../x86_64-linux-gnu/crti.o /usr/lib/gcc/x86_64-linux-gnu/9/crtbeginS.o -L/usr/lib/gcc/x86_64-linux-gnu/9 -L/usr/lib/gcc/x86_64-linux-gnu/9/../../../x86_64-linux-gnu -L/usr/lib/gcc/x86_64-linux-gnu/9/../../../../lib -L/lib/x86_64-linux-gnu -L/lib/../lib -L/usr/lib/x86_64-linux-gnu -L/usr/lib/../lib -L/usr/lib/gcc/x86_64-linux-gnu/9/../../.. CMakeFiles/cmTC_98337.dir/CMakeCXXCompilerABI.cpp.o -lstdc++ -lm -lgcc_s -lgcc -lc -lgcc_s -lgcc /usr/lib/gcc/x86_64-linux-gnu/9/crtendS.o /usr/lib/gcc/x86_64-linux-gnu/9/../../../x86_64-linux-gnu/crtn.o]
    arg [/usr/lib/gcc/x86_64-linux-gnu/9/collect2] ==> ignore
    arg [-plugin] ==> ignore
    arg [/usr/lib/gcc/x86_64-linux-gnu/9/liblto_plugin.so] ==> ignore
    arg [-plugin-opt=/usr/lib/gcc/x86_64-linux-gnu/9/lto-wrapper] ==> ignore
    arg [-plugin-opt=-fresolution=/tmp/ccx9Ofx7.res] ==> ignore
    arg [-plugin-opt=-pass-through=-lgcc_s] ==> ignore
    arg [-plugin-opt=-pass-through=-lgcc] ==> ignore
    arg [-plugin-opt=-pass-through=-lc] ==> ignore
    arg [-plugin-opt=-pass-through=-lgcc_s] ==> ignore
    arg [-plugin-opt=-pass-through=-lgcc] ==> ignore
    arg [--build-id] ==> ignore
    arg [--eh-frame-hdr] ==> ignore
    arg [-m] ==> ignore
    arg [elf_x86_64] ==> ignore
    arg [--hash-style=gnu] ==> ignore
    arg [--as-needed] ==> ignore
    arg [-export-dynamic] ==> ignore
    arg [-dynamic-linker] ==> ignore
    arg [/lib64/ld-linux-x86-64.so.2] ==> ignore
    arg [-pie] ==> ignore
    arg [-znow] ==> ignore
    arg [-zrelro] ==> ignore
    arg [-o] ==> ignore
    arg [cmTC_98337] ==> ignore
    arg [/usr/lib/gcc/x86_64-linux-gnu/9/../../../x86_64-linux-gnu/Scrt1.o] ==> ignore
    arg [/usr/lib/gcc/x86_64-linux-gnu/9/../../../x86_64-linux-gnu/crti.o] ==> ignore
    arg [/usr/lib/gcc/x86_64-linux-gnu/9/crtbeginS.o] ==> ignore
    arg [-L/usr/lib/gcc/x86_64-linux-gnu/9] ==> dir [/usr/lib/gcc/x86_64-linux-gnu/9]
    arg [-L/usr/lib/gcc/x86_64-linux-gnu/9/../../../x86_64-linux-gnu] ==> dir [/usr/lib/gcc/x86_64-linux-gnu/9/../../../x86_64-linux-gnu]
    arg [-L/usr/lib/gcc/x86_64-linux-gnu/9/../../../../lib] ==> dir [/usr/lib/gcc/x86_64-linux-gnu/9/../../../../lib]
    arg [-L/lib/x86_64-linux-gnu] ==> dir [/lib/x86_64-linux-gnu]
    arg [-L/lib/../lib] ==> dir [/lib/../lib]
    arg [-L/usr/lib/x86_64-linux-gnu] ==> dir [/usr/lib/x86_64-linux-gnu]
    arg [-L/usr/lib/../lib] ==> dir [/usr/lib/../lib]
    arg [-L/usr/lib/gcc/x86_64-linux-gnu/9/../../..] ==> dir [/usr/lib/gcc/x86_64-linux-gnu/9/../../..]
    arg [CMakeFiles/cmTC_98337.dir/CMakeCXXCompilerABI.cpp.o] ==> ignore
    arg [-lstdc++] ==> lib [stdc++]
    arg [-lm] ==> lib [m]
    arg [-lgcc_s] ==> lib [gcc_s]
    arg [-lgcc] ==> lib [gcc]
    arg [-lc] ==> lib [c]
    arg [-lgcc_s] ==> lib [gcc_s]
    arg [-lgcc] ==> lib [gcc]
    arg [/usr/lib/gcc/x86_64-linux-gnu/9/crtendS.o] ==> ignore
    arg [/usr/lib/gcc/x86_64-linux-gnu/9/../../../x86_64-linux-gnu/crtn.o] ==> ignore
  collapse library dir [/usr/lib/gcc/x86_64-linux-gnu/9] ==> [/usr/lib/gcc/x86_64-linux-gnu/9]
  collapse library dir [/usr/lib/gcc/x86_64-linux-gnu/9/../../../x86_64-linux-gnu] ==> [/usr/lib/x86_64-linux-gnu]
  collapse library dir [/usr/lib/gcc/x86_64-linux-gnu/9/../../../../lib] ==> [/usr/lib]
  collapse library dir [/lib/x86_64-linux-gnu] ==> [/lib/x86_64-linux-gnu]
  collapse library dir [/lib/../lib] ==> [/lib]
  collapse library dir [/usr/lib/x86_64-linux-gnu] ==> [/usr/lib/x86_64-linux-gnu]
  collapse library dir [/usr/lib/../lib] ==> [/usr/lib]
  collapse library dir [/usr/lib/gcc/x86_64-linux-gnu/9/../../..] ==> [/usr/lib]
  implicit libs: [stdc++;m;gcc_s;gcc;c;gcc_s;gcc]
  implicit dirs: [/usr/lib/gcc/x86_64-linux-gnu/9;/usr/lib/x86_64-linux-gnu;/usr/lib;/lib/x86_64-linux-gnu;/lib]
  implicit fwks: []


Performing C SOURCE FILE Test CMAKE_C_COMPILER_SUPPORTS__std_gnu99 succeeded with the following output:
Change Dir: /home/rajat/502_lab/lab21/lab21_template-20241118T175751Z-001/lab21_template/lcm-1.4.0/build/CMakeFiles/CMakeTmp

Run Build Command(s):/usr/bin/make cmTC_1e990/fast && /usr/bin/make -f CMakeFiles/cmTC_1e990.dir/build.make CMakeFiles/cmTC_1e990.dir/build
make[1]: Entering directory '/home/rajat/502_lab/lab21/lab21_template-20241118T175751Z-001/lab21_template/lcm-1.4.0/build/CMakeFiles/CMakeTmp'
Building C object CMakeFiles/cmTC_1e990.dir/src.c.o
/usr/bin/cc   -DCMAKE_C_COMPILER_SUPPORTS__std_gnu99   -std=gnu99 -o CMakeFiles/cmTC_1e990.dir/src.c.o   -c /home/rajat/502_lab/lab21/lab21_template-20241118T175751Z-001/lab21_template/lcm-1.4.0/build/CMakeFiles/CMakeTmp/src.c
Linking C executable cmTC_1e990
/usr/bin/cmake -E cmake_link_script CMakeFiles/cmTC_1e990.dir/link.txt --verbose=1
/usr/bin/cc  -DCMAKE_C_COMPILER_SUPPORTS__std_gnu99    -rdynamic CMakeFiles/cmTC_1e990.dir/src.c.o  -o cmTC_1e990 
make[1]: Leaving directory '/home/rajat/502_lab/lab21/lab21_template-20241118T175751Z-001/lab21_template/lcm-1.4.0/build/CMakeFiles/CMakeTmp'


Source file was:
int main(void) { return 0; }
Performing C SOURCE FILE Test CMAKE_C_COMPILER_SUPPORTS__Wall succeeded with the following output:
Change Dir: /home/rajat/502_lab/lab21/lab21_template-20241118T175751Z-001/lab21_template/lcm-1.4.0/build/CMakeFiles/CMakeTmp

Run Build Command(s):/usr/bin/make cmTC_c1b59/fast && /usr/bin/make -f CMakeFiles/cmTC_c1b59.dir/build.make CMakeFiles/cmTC_c1b59.dir/build
make[1]: Entering directory '/home/rajat/502_lab/lab21/lab21_template-20241118T175751Z-001/lab21_template/lcm-1.4.0/build/CMakeFiles/CMakeTmp'
Building C object CMakeFiles/cmTC_c1b59.dir/src.c.o
/usr/bin/cc   -std=gnu99 -DCMAKE_C_COMPILER_SUPPORTS__Wall   -Wall -o CMakeFiles/cmTC_c1b59.dir/src.c.o   -c /home/rajat/502_lab/lab21/lab21_template-20241118T175751Z-001/lab21_template/lcm-1.4.0/build/CMakeFiles/CMakeTmp/src.c
Linking C executable cmTC_c1b59
/usr/bin/cmake -E cmake_link_script CMakeFiles/cmTC_c1b59.dir/link.txt --verbose=1
/usr/bin/cc  -std=gnu99 -DCMAKE_C_COMPILER_SUPPORTS__Wall    -rdynamic CMakeFiles/cmTC_c1b59.dir/src.c.o  -o cmTC_c1b59 
make[1]: Leaving directory '/home/rajat/502_lab/lab21/lab21_template-20241118T175751Z-001/lab21_template/lcm-1.4.0/build/CMakeFiles/CMakeTmp'


Source file was:
int main(void) { return 0; }
Performing C SOURCE FILE Test CMAKE_C_COMPILER_SUPPORTS__Wshadow succeeded with the following output:
Change Dir: /home/rajat/502_lab/lab21/lab21_template-20241118T175751Z-001/lab21_template/lcm-1.4.0/build/CMakeFiles/CMakeTmp

Run Build Command(s):/usr/bin/make cmTC_c7cc7/fast && /usr/bin/make -f CMakeFiles/cmTC_c7cc7.dir/build.make CMakeFiles/cmTC_c7cc7.dir/build
make[1]: Entering directory '/home/rajat/502_lab/lab21/lab21_template-20241118T175751Z-001/lab21_template/lcm-1.4.0/build/CMakeFiles/CMakeTmp'
Building C object CMakeFiles/cmTC_c7cc7.dir/src.c.o
/usr/bin/cc   -std=gnu99 -DCMAKE_C_COMPILER_SUPPORTS__Wshadow   -Wshadow -o CMakeFiles/cmTC_c7cc7.dir/src.c.o   -c /home/rajat/502_lab/lab21/lab21_template-20241118T175751Z-001/lab21_template/lcm-1.4.0/build/CMakeFiles/CMakeTmp/src.c
Linking C executable cmTC_c7cc7
/usr/bin/cmake -E cmake_link_script CMakeFiles/cmTC_c7cc7.dir/link.txt --verbose=1
/usr/bin/cc  -std=gnu99 -DCMAKE_C_COMPILER_SUPPORTS__Wshadow    -rdynamic CMakeFiles/cmTC_c7cc7.dir/src.c.o  -o cmTC_c7cc7 
make[1]: Leaving directory '/home/rajat/502_lab/lab21/lab21_template-20241118T175751Z-001/lab21_template/lcm-1.4.0/build/CMakeFiles/CMakeTmp'


Source file was:
int main(void) { return 0; }
Performing C SOURCE FILE Test CMAKE_C_COMPILER_SUPPORTS__Wuninitialized succeeded with the following output:
Change Dir: /home/rajat/502_lab/lab21/lab21_template-20241118T175751Z-001/lab21_template/lcm-1.4.0/build/CMakeFiles/CMakeTmp

Run Build Command(s):/usr/bin/make cmTC_f3a1c/fast && /usr/bin/make -f CMakeFiles/cmTC_f3a1c.dir/build.make CMakeFiles/cmTC_f3a1c.dir/build
make[1]: Entering directory '/home/rajat/502_lab/lab21/lab21_template-20241118T175751Z-001/lab21_template/lcm-1.4.0/build/CMakeFiles/CMakeTmp'
Building C object CMakeFiles/cmTC_f3a1c.dir/src.c.o
/usr/bin/cc   -std=gnu99 -DCMAKE_C_COMPILER_SUPPORTS__Wuninitialized   -Wuninitialized -o CMakeFiles/cmTC_f3a1c.dir/src.c.o   -c /home/rajat/502_lab/lab21/lab21_template-20241118T175751Z-001/lab21_template/lcm-1.4.0/build/CMakeFiles/CMakeTmp/src.c
Linking C executable cmTC_f3a1c
/usr/bin/cmake -E cmake_link_script CMakeFiles/cmTC_f3a1c.dir/link.txt --verbose=1
/usr/bin/cc  -std=gnu99 -DCMAKE_C_COMPILER_SUPPORTS__Wuninitialized    -rdynamic CMakeFiles/cmTC_f3a1c.dir/src.c.o  -o cmTC_f3a1c 
make[1]: Leaving directory '/home/rajat/502_lab/lab21/lab21_template-20241118T175751Z-001/lab21_template/lcm-1.4.0/build/CMakeFiles/CMakeTmp'


Source file was:
int main(void) { return 0; }
Performing C SOURCE FILE Test CMAKE_C_COMPILER_SUPPORTS__Wunused_variable succeeded with the following output:
Change Dir: /home/rajat/502_lab/lab21/lab21_template-20241118T175751Z-001/lab21_template/lcm-1.4.0/build/CMakeFiles/CMakeTmp

Run Build Command(s):/usr/bin/make cmTC_b2145/fast && /usr/bin/make -f CMakeFiles/cmTC_b2145.dir/build.make CMakeFiles/cmTC_b2145.dir/build
make[1]: Entering directory '/home/rajat/502_lab/lab21/lab21_template-20241118T175751Z-001/lab21_template/lcm-1.4.0/build/CMakeFiles/CMakeTmp'
Building C object CMakeFiles/cmTC_b2145.dir/src.c.o
/usr/bin/cc   -std=gnu99 -DCMAKE_C_COMPILER_SUPPORTS__Wunused_variable   -Wunused-variable -o CMakeFiles/cmTC_b2145.dir/src.c.o   -c /home/rajat/502_lab/lab21/lab21_template-20241118T175751Z-001/lab21_template/lcm-1.4.0/build/CMakeFiles/CMakeTmp/src.c
Linking C executable cmTC_b2145
/usr/bin/cmake -E cmake_link_script CMakeFiles/cmTC_b2145.dir/link.txt --verbose=1
/usr/bin/cc  -std=gnu99 -DCMAKE_C_COMPILER_SUPPORTS__Wunused_variable    -rdynamic CMakeFiles/cmTC_b2145.dir/src.c.o  -o cmTC_b2145 
make[1]: Leaving directory '/home/rajat/502_lab/lab21/lab21_template-20241118T175751Z-001/lab21_template/lcm-1.4.0/build/CMakeFiles/CMakeTmp'


Source file was:
int main(void) { return 0; }
Performing C SOURCE FILE Test CMAKE_C_COMPILER_SUPPORTS__Werror_return_type succeeded with the following output:
Change Dir: /home/rajat/502_lab/lab21/lab21_template-20241118T175751Z-001/lab21_template/lcm-1.4.0/build/CMakeFiles/CMakeTmp

Run Build Command(s):/usr/bin/make cmTC_f4924/fast && /usr/bin/make -f CMakeFiles/cmTC_f4924.dir/build.make CMakeFiles/cmTC_f4924.dir/build
make[1]: Entering directory '/home/rajat/502_lab/lab21/lab21_template-20241118T175751Z-001/lab21_template/lcm-1.4.0/build/CMakeFiles/CMakeTmp'
Building C object CMakeFiles/cmTC_f4924.dir/src.c.o
/usr/bin/cc   -std=gnu99 -DCMAKE_C_COMPILER_SUPPORTS__Werror_return_type   -Werror=return-type -o CMakeFiles/cmTC_f4924.dir/src.c.o   -c /home/rajat/502_lab/lab21/lab21_template-20241118T175751Z-001/lab21_template/lcm-1.4.0/build/CMakeFiles/CMakeTmp/src.c
Linking C executable cmTC_f4924
/usr/bin/cmake -E cmake_link_script CMakeFiles/cmTC_f4924.dir/link.txt --verbose=1
/usr/bin/cc  -std=gnu99 -DCMAKE_C_COMPILER_SUPPORTS__Werror_return_type    -rdynamic CMakeFiles/cmTC_f4924.dir/src.c.o  -o cmTC_f4924 
make[1]: Leaving directory '/home/rajat/502_lab/lab21/lab21_template-20241118T175751Z-001/lab21_template/lcm-1.4.0/build/CMakeFiles/CMakeTmp'


Source file was:
int main(void) { return 0; }
Performing C SOURCE FILE Test CMAKE_C_COMPILER_SUPPORTS__Wno_unused_parameter succeeded with the following output:
Change Dir: /home/rajat/502_lab/lab21/lab21_template-20241118T175751Z-001/lab21_template/lcm-1.4.0/build/CMakeFiles/CMakeTmp

Run Build Command(s):/usr/bin/make cmTC_de97a/fast && /usr/bin/make -f CMakeFiles/cmTC_de97a.dir/build.make CMakeFiles/cmTC_de97a.dir/build
make[1]: Entering directory '/home/rajat/502_lab/lab21/lab21_template-20241118T175751Z-001/lab21_template/lcm-1.4.0/build/CMakeFiles/CMakeTmp'
Building C object CMakeFiles/cmTC_de97a.dir/src.c.o
/usr/bin/cc   -std=gnu99 -DCMAKE_C_COMPILER_SUPPORTS__Wno_unused_parameter   -Wno-unused-parameter -o CMakeFiles/cmTC_de97a.dir/src.c.o   -c /home/rajat/502_lab/lab21/lab21_template-20241118T175751Z-001/lab21_template/lcm-1.4.0/build/CMakeFiles/CMakeTmp/src.c
Linking C executable cmTC_de97a
/usr/bin/cmake -E cmake_link_script CMakeFiles/cmTC_de97a.dir/link.txt --verbose=1
/usr/bin/cc  -std=gnu99 -DCMAKE_C_COMPILER_SUPPORTS__Wno_unused_parameter    -rdynamic CMakeFiles/cmTC_de97a.dir/src.c.o  -o cmTC_de97a 
make[1]: Leaving directory '/home/rajat/502_lab/lab21/lab21_template-20241118T175751Z-001/lab21_template/lcm-1.4.0/build/CMakeFiles/CMakeTmp'


Source file was:
int main(void) { return 0; }
Performing C SOURCE FILE Test CMAKE_C_COMPILER_SUPPORTS__Wno_format_zero_length succeeded with the following output:
Change Dir: /home/rajat/502_lab/lab21/lab21_template-20241118T175751Z-001/lab21_template/lcm-1.4.0/build/CMakeFiles/CMakeTmp

Run Build Command(s):/usr/bin/make cmTC_63e7f/fast && /usr/bin/make -f CMakeFiles/cmTC_63e7f.dir/build.make CMakeFiles/cmTC_63e7f.dir/build
make[1]: Entering directory '/home/rajat/502_lab/lab21/lab21_template-20241118T175751Z-001/lab21_template/lcm-1.4.0/build/CMakeFiles/CMakeTmp'
Building C object CMakeFiles/cmTC_63e7f.dir/src.c.o
/usr/bin/cc   -std=gnu99 -DCMAKE_C_COMPILER_SUPPORTS__Wno_format_zero_length   -Wno-format-zero-length -o CMakeFiles/cmTC_63e7f.dir/src.c.o   -c /home/rajat/502_lab/lab21/lab21_template-20241118T175751Z-001/lab21_template/lcm-1.4.0/build/CMakeFiles/CMakeTmp/src.c
Linking C executable cmTC_63e7f
/usr/bin/cmake -E cmake_link_script CMakeFiles/cmTC_63e7f.dir/link.txt --verbose=1
/usr/bin/cc  -std=gnu99 -DCMAKE_C_COMPILER_SUPPORTS__Wno_format_zero_length    -rdynamic CMakeFiles/cmTC_63e7f.dir/src.c.o  -o cmTC_63e7f 
make[1]: Leaving directory '/home/rajat/502_lab/lab21/lab21_template-20241118T175751Z-001/lab21_template/lcm-1.4.0/build/CMakeFiles/CMakeTmp'


Source file was:
int main(void) { return 0; }
Performing C++ SOURCE FILE Test CMAKE_CXX_COMPILER_SUPPORTS__Wall succeeded with the following output:
Change Dir: /home/rajat/502_lab/lab21/lab21_template-20241118T175751Z-001/lab21_template/lcm-1.4.0/build/CMakeFiles/CMakeTmp

Run Build Command(s):/usr/bin/make cmTC_d4197/fast && /usr/bin/make -f CMakeFiles/cmTC_d4197.dir/build.make CMakeFiles/cmTC_d4197.dir/build
make[1]: Entering directory '/home/rajat/502_lab/lab21/lab21_template-20241118T175751Z-001/lab21_template/lcm-1.4.0/build/CMakeFiles/CMakeTmp'
Building CXX object CMakeFiles/cmTC_d4197.dir/src.cxx.o
/usr/bin/c++    -DCMAKE_CXX_COMPILER_SUPPORTS__Wall   -Wall -o CMakeFiles/cmTC_d4197.dir/src.cxx.o -c /home/rajat/502_lab/lab21/lab21_template-20241118T175751Z-001/lab21_template/lcm-1.4.0/build/CMakeFiles/CMakeTmp/src.cxx
Linking CXX executable cmTC_d4197
/usr/bin/cmake -E cmake_link_script CMakeFiles/cmTC_d4197.dir/link.txt --verbose=1
/usr/bin/c++   -DCMAKE_CXX_COMPILER_SUPPORTS__Wall    -rdynamic CMakeFiles/cmTC_d4197.dir/src.cxx.o  -o cmTC_d4197 
make[1]: Leaving directory '/home/rajat/502_lab/lab21/lab21_template-20241118T175751Z-001/lab21_template/lcm-1.4.0/build/CMakeFiles/CMakeTmp'


Source file was:
int main() { return 0; }
Performing C++ SOURCE FILE Test CMAKE_CXX_COMPILER_SUPPORTS__Wshadow succeeded with the following output:
Change Dir: /home/rajat/502_lab/lab21/lab21_template-20241118T175751Z-001/lab21_template/lcm-1.4.0/build/CMakeFiles/CMakeTmp

Run Build Command(s):/usr/bin/make cmTC_9cd19/fast && /usr/bin/make -f CMakeFiles/cmTC_9cd19.dir/build.make CMakeFiles/cmTC_9cd19.dir/build
make[1]: Entering directory '/home/rajat/502_lab/lab21/lab21_template-20241118T175751Z-001/lab21_template/lcm-1.4.0/build/CMakeFiles/CMakeTmp'
Building CXX object CMakeFiles/cmTC_9cd19.dir/src.cxx.o
/usr/bin/c++    -DCMAKE_CXX_COMPILER_SUPPORTS__Wshadow   -Wshadow -o CMakeFiles/cmTC_9cd19.dir/src.cxx.o -c /home/rajat/502_lab/lab21/lab21_template-20241118T175751Z-001/lab21_template/lcm-1.4.0/build/CMakeFiles/CMakeTmp/src.cxx
Linking CXX executable cmTC_9cd19
/usr/bin/cmake -E cmake_link_script CMakeFiles/cmTC_9cd19.dir/link.txt --verbose=1
/usr/bin/c++   -DCMAKE_CXX_COMPILER_SUPPORTS__Wshadow    -rdynamic CMakeFiles/cmTC_9cd19.dir/src.cxx.o  -o cmTC_9cd19 
make[1]: Leaving directory '/home/rajat/502_lab/lab21/lab21_template-20241118T175751Z-001/lab21_template/lcm-1.4.0/build/CMakeFiles/CMakeTmp'


Source file was:
int main() { return 0; }
Performing C++ SOURCE FILE Test CMAKE_CXX_COMPILER_SUPPORTS__Wuninitialized succeeded with the following output:
Change Dir: /home/rajat/502_lab/lab21/lab21_template-20241118T175751Z-001/lab21_template/lcm-1.4.0/build/CMakeFiles/CMakeTmp

Run Build Command(s):/usr/bin/make cmTC_ee9c9/fast && /usr/bin/make -f CMakeFiles/cmTC_ee9c9.dir/build.make CMakeFiles/cmTC_ee9c9.dir/build
make[1]: Entering directory '/home/rajat/502_lab/lab21/lab21_template-20241118T175751Z-001/lab21_template/lcm-1.4.0/build/CMakeFiles/CMakeTmp'
Building CXX object CMakeFiles/cmTC_ee9c9.dir/src.cxx.o
/usr/bin/c++    -DCMAKE_CXX_COMPILER_SUPPORTS__Wuninitialized   -Wuninitialized -o CMakeFiles/cmTC_ee9c9.dir/src.cxx.o -c /home/rajat/502_lab/lab21/lab21_template-20241118T175751Z-001/lab21_template/lcm-1.4.0/build/CMakeFiles/CMakeTmp/src.cxx
Linking CXX executable cmTC_ee9c9
/usr/bin/cmake -E cmake_link_script CMakeFiles/cmTC_ee9c9.dir/link.txt --verbose=1
/usr/bin/c++   -DCMAKE_CXX_COMPILER_SUPPORTS__Wuninitialized    -rdynamic CMakeFiles/cmTC_ee9c9.dir/src.cxx.o  -o cmTC_ee9c9 
make[1]: Leaving directory '/home/rajat/502_lab/lab21/lab21_template-20241118T175751Z-001/lab21_template/lcm-1.4.0/build/CMakeFiles/CMakeTmp'


Source file was:
int main() { return 0; }
Performing C++ SOURCE FILE Test CMAKE_CXX_COMPILER_SUPPORTS__Wunused_variable succeeded with the following output:
Change Dir: /home/rajat/502_lab/lab21/lab21_template-20241118T175751Z-001/lab21_template/lcm-1.4.0/build/CMakeFiles/CMakeTmp

Run Build Command(s):/usr/bin/make cmTC_27f31/fast && /usr/bin/make -f CMakeFiles/cmTC_27f31.dir/build.make CMakeFiles/cmTC_27f31.dir/build
make[1]: Entering directory '/home/rajat/502_lab/lab21/lab21_template-20241118T175751Z-001/lab21_template/lcm-1.4.0/build/CMakeFiles/CMakeTmp'
Building CXX object CMakeFiles/cmTC_27f31.dir/src.cxx.o
/usr/bin/c++    -DCMAKE_CXX_COMPILER_SUPPORTS__Wunused_variable   -Wunused-variable -o CMakeFiles/cmTC_27f31.dir/src.cxx.o -c /home/rajat/502_lab/lab21/lab21_template-20241118T175751Z-001/lab21_template/lcm-1.4.0/build/CMakeFiles/CMakeTmp/src.cxx
Linking CXX executable cmTC_27f31
/usr/bin/cmake -E cmake_link_script CMakeFiles/cmTC_27f31.dir/link.txt --verbose=1
/usr/bin/c++   -DCMAKE_CXX_COMPILER_SUPPORTS__Wunused_variable    -rdynamic CMakeFiles/cmTC_27f31.dir/src.cxx.o  -o cmTC_27f31 
make[1]: Leaving directory '/home/rajat/502_lab/lab21/lab21_template-20241118T175751Z-001/lab21_template/lcm-1.4.0/build/CMakeFiles/CMakeTmp'


Source file was:
int main() { return 0; }
Performing C++ SOURCE FILE Test CMAKE_CXX_COMPILER_SUPPORTS__Werror_return_type succeeded with the following output:
Change Dir: /home/rajat/502_lab/lab21/lab21_template-20241118T175751Z-001/lab21_template/lcm-1.4.0/build/CMakeFiles/CMakeTmp

Run Build Command(s):/usr/bin/make cmTC_95f94/fast && /usr/bin/make -f CMakeFiles/cmTC_95f94.dir/build.make CMakeFiles/cmTC_95f94.dir/build
make[1]: Entering directory '/home/rajat/502_lab/lab21/lab21_template-20241118T175751Z-001/lab21_template/lcm-1.4.0/build/CMakeFiles/CMakeTmp'
Building CXX object CMakeFiles/cmTC_95f94.dir/src.cxx.o
/usr/bin/c++    -DCMAKE_CXX_COMPILER_SUPPORTS__Werror_return_type   -Werror=return-type -o CMakeFiles/cmTC_95f94.dir/src.cxx.o -c /home/rajat/502_lab/lab21/lab21_template-20241118T175751Z-001/lab21_template/lcm-1.4.0/build/CMakeFiles/CMakeTmp/src.cxx
Linking CXX executable cmTC_95f94
/usr/bin/cmake -E cmake_link_script CMakeFiles/cmTC_95f94.dir/link.txt --verbose=1
/usr/bin/c++   -DCMAKE_CXX_COMPILER_SUPPORTS__Werror_return_type    -rdynamic CMakeFiles/cmTC_95f94.dir/src.cxx.o  -o cmTC_95f94 
make[1]: Leaving directory '/home/rajat/502_lab/lab21/lab21_template-20241118T175751Z-001/lab21_template/lcm-1.4.0/build/CMakeFiles/CMakeTmp'


Source file was:
int main() { return 0; }
Performing C++ SOURCE FILE Test CMAKE_CXX_COMPILER_SUPPORTS__Wno_unused_parameter succeeded with the following output:
Change Dir: /home/rajat/502_lab/lab21/lab21_template-20241118T175751Z-001/lab21_template/lcm-1.4.0/build/CMakeFiles/CMakeTmp

Run Build Command(s):/usr/bin/make cmTC_491a2/fast && /usr/bin/make -f CMakeFiles/cmTC_491a2.dir/build.make CMakeFiles/cmTC_491a2.dir/build
make[1]: Entering directory '/home/rajat/502_lab/lab21/lab21_template-20241118T175751Z-001/lab21_template/lcm-1.4.0/build/CMakeFiles/CMakeTmp'
Building CXX object CMakeFiles/cmTC_491a2.dir/src.cxx.o
/usr/bin/c++    -DCMAKE_CXX_COMPILER_SUPPORTS__Wno_unused_parameter   -Wno-unused-parameter -o CMakeFiles/cmTC_491a2.dir/src.cxx.o -c /home/rajat/502_lab/lab21/lab21_template-20241118T175751Z-001/lab21_template/lcm-1.4.0/build/CMakeFiles/CMakeTmp/src.cxx
Linking CXX executable cmTC_491a2
/usr/bin/cmake -E cmake_link_script CMakeFiles/cmTC_491a2.dir/link.txt --verbose=1
/usr/bin/c++   -DCMAKE_CXX_COMPILER_SUPPORTS__Wno_unused_parameter    -rdynamic CMakeFiles/cmTC_491a2.dir/src.cxx.o  -o cmTC_491a2 
make[1]: Leaving directory '/home/rajat/502_lab/lab21/lab21_template-20241118T175751Z-001/lab21_template/lcm-1.4.0/build/CMakeFiles/CMakeTmp'


Source file was:
int main() { return 0; }
Performing C++ SOURCE FILE Test CMAKE_CXX_COMPILER_SUPPORTS__Wno_format_zero_length succeeded with the following output:
Change Dir: /home/rajat/502_lab/lab21/lab21_template-20241118T175751Z-001/lab21_template/lcm-1.4.0/build/CMakeFiles/CMakeTmp

Run Build Command(s):/usr/bin/make cmTC_68c77/fast && /usr/bin/make -f CMakeFiles/cmTC_68c77.dir/build.make CMakeFiles/cmTC_68c77.dir/build
make[1]: Entering directory '/home/rajat/502_lab/lab21/lab21_template-20241118T175751Z-001/lab21_template/lcm-1.4.0/build/CMakeFiles/CMakeTmp'
Building CXX object CMakeFiles/cmTC_68c77.dir/src.cxx.o
/usr/bin/c++    -DCMAKE_CXX_COMPILER_SUPPORTS__Wno_format_zero_length   -Wno-format-zero-length -o CMakeFiles/cmTC_68c77.dir/src.cxx.o -c /home/rajat/502_lab/lab21/lab21_template-20241118T175751Z-001/lab21_template/lcm-1.4.0/build/CMakeFiles/CMakeTmp/src.cxx
Linking CXX executable cmTC_68c77
/usr/bin/cmake -E cmake_link_script CMakeFiles/cmTC_68c77.dir/link.txt --verbose=1
/usr/bin/c++   -DCMAKE_CXX_COMPILER_SUPPORTS__Wno_format_zero_length    -rdynamic CMakeFiles/cmTC_68c77.dir/src.cxx.o  -o cmTC_68c77 
make[1]: Leaving directory '/home/rajat/502_lab/lab21/lab21_template-20241118T175751Z-001/lab21_template/lcm-1.4.0/build/CMakeFiles/CMakeTmp'


Source file was:
int main() { return 0; }
Determining if the include file pthread.h exists passed with the following output:
Change Dir: /home/rajat/502_lab/lab21/lab21_template-20241118T175751Z-001/lab21_template/lcm-1.4.0/build/CMakeFiles/CMakeTmp

Run Build Command(s):/usr/bin/make cmTC_99122/fast && /usr/bin/make -f CMakeFiles/cmTC_99122.dir/build.make CMakeFiles/cmTC_99122.dir/build
make[1]: Entering directory '/home/rajat/502_lab/lab21/lab21_template-20241118T175751Z-001/lab21_template/lcm-1.4.0/build/CMakeFiles/CMakeTmp'
Building C object CMakeFiles/cmTC_99122.dir/CheckIncludeFile.c.o
/usr/bin/cc   -std=gnu99 -Wno-format-zero-length    -o CMakeFiles/cmTC_99122.dir/CheckIncludeFile.c.o   -c /home/rajat/502_lab/lab21/lab21_template-20241118T175751Z-001/lab21_template/lcm-1.4.0/build/CMakeFiles/CMakeTmp/CheckIncludeFile.c
Linking C executable cmTC_99122
/usr/bin/cmake -E cmake_link_script CMakeFiles/cmTC_99122.dir/link.txt --verbose=1
/usr/bin/cc  -std=gnu99 -Wno-format-zero-length     -rdynamic CMakeFiles/cmTC_99122.dir/CheckIncludeFile.c.o  -o cmTC_99122 
make[1]: Leaving directory '/home/rajat/502_lab/lab21/lab21_template-20241118T175751Z-001/lab21_template/lcm-1.4.0/build/CMakeFiles/CMakeTmp'



Determining if the function pthread_create exists in the pthread passed with the following output:
Change Dir: /home/rajat/502_lab/lab21/lab21_template-20241118T175751Z-001/lab21_template/lcm-1.4.0/build/CMakeFiles/CMakeTmp

Run Build Command(s):/usr/bin/make cmTC_c2251/fast && /usr/bin/make -f CMakeFiles/cmTC_c2251.dir/build.make CMakeFiles/cmTC_c2251.dir/build
make[1]: Entering directory '/home/rajat/502_lab/lab21/lab21_template-20241118T175751Z-001/lab21_template/lcm-1.4.0/build/CMakeFiles/CMakeTmp'
Building C object CMakeFiles/cmTC_c2251.dir/CheckFunctionExists.c.o
/usr/bin/cc   -std=gnu99 -Wno-format-zero-length -DCHECK_FUNCTION_EXISTS=pthread_create   -o CMakeFiles/cmTC_c2251.dir/CheckFunctionExists.c.o   -c /usr/share/cmake-3.16/Modules/CheckFunctionExists.c
Linking C executable cmTC_c2251
/usr/bin/cmake -E cmake_link_script CMakeFiles/cmTC_c2251.dir/link.txt --verbose=1
/usr/bin/cc  -std=gnu99 -Wno-format-zero-length -DCHECK_FUNCTION_EXISTS=pthread_create    -rdynamic CMakeFiles/cmTC_c2251.dir/CheckFunctionExists.c.o  -o cmTC_c2251  -lpthread 
make[1]: Leaving directory '/home/rajat/502_lab/lab21/lab21_template-20241118T175751Z-001/lab21_template/lcm-1.4.0/build/CMakeFiles/CMakeTmp'



Performing C++ SOURCE FILE Test COMPILER_HAS_HIDDEN_VISIBILITY succeeded with the following output:
Change Dir: /home/rajat/502_lab/lab21/lab21_template-20241118T175751Z-001/lab21_template/lcm-1.4.0/build/CMakeFiles/CMakeTmp

Run Build Command(s):/usr/bin/make cmTC_efc23/fast && /usr/bin/make -f CMakeFiles/cmTC_efc23.dir/build.make CMakeFiles/cmTC_efc23.dir/build
make[1]: Entering directory '/home/rajat/502_lab/lab21/lab21_template-20241118T175751Z-001/lab21_template/lcm-1.4.0/build/CMakeFiles/CMakeTmp'
Building CXX object CMakeFiles/cmTC_efc23.dir/src.cxx.o
/usr/bin/c++    -Wno-format-zero-length -DCOMPILER_HAS_HIDDEN_VISIBILITY -fPIE   -fvisibility=hidden -o CMakeFiles/cmTC_efc23.dir/src.cxx.o -c /home/rajat/502_lab/lab21/lab21_template-20241118T175751Z-001/lab21_template/lcm-1.4.0/build/CMakeFiles/CMakeTmp/src.cxx
Linking CXX executable cmTC_efc23
/usr/bin/cmake -E cmake_link_script CMakeFiles/cmTC_efc23.dir/link.txt --verbose=1
/usr/bin/c++   -Wno-format-zero-length -DCOMPILER_HAS_HIDDEN_VISIBILITY    -rdynamic CMakeFiles/cmTC_efc23.dir/src.cxx.o  -o cmTC_efc23 
make[1]: Leaving directory '/home/rajat/502_lab/lab21/lab21_template-20241118T175751Z-001/lab21_template/lcm-1.4.0/build/CMakeFiles/CMakeTmp'


Source file was:
int main() { return 0; }
Performing C++ SOURCE FILE Test COMPILER_HAS_HIDDEN_INLINE_VISIBILITY succeeded with the following output:
Change Dir: /home/rajat/502_lab/lab21/lab21_template-20241118T175751Z-001/lab21_template/lcm-1.4.0/build/CMakeFiles/CMakeTmp

Run Build Command(s):/usr/bin/make cmTC_a3e57/fast && /usr/bin/make -f CMakeFiles/cmTC_a3e57.dir/build.make CMakeFiles/cmTC_a3e57.dir/build
make[1]: Entering directory '/home/rajat/502_lab/lab21/lab21_template-20241118T175751Z-001/lab21_template/lcm-1.4.0/build/CMakeFiles/CMakeTmp'
Building CXX object CMakeFiles/cmTC_a3e57.dir/src.cxx.o
/usr/bin/c++    -Wno-format-zero-length -DCOMPILER_HAS_HIDDEN_INLINE_VISIBILITY -fPIE   -fvisibility-inlines-hidden -o CMakeFiles/cmTC_a3e57.dir/src.cxx.o -c /home/rajat/502_lab/lab21/lab21_template-20241118T175751Z-001/lab21_template/lcm-1.4.0/build/CMakeFiles/CMakeTmp/src.cxx
Linking CXX executable cmTC_a3e57
/usr/bin/cmake -E cmake_link_script CMakeFiles/cmTC_a3e57.dir/link.txt --verbose=1
/usr/bin/c++   -Wno-format-zero-length -DCOMPILER_HAS_HIDDEN_INLINE_VISIBILITY    -rdynamic CMakeFiles/cmTC_a3e57.dir/src.cxx.o  -o cmTC_a3e57 
make[1]: Leaving directory '/home/rajat/502_lab/lab21/lab21_template-20241118T175751Z-001/lab21_template/lcm-1.4.0/build/CMakeFiles/CMakeTmp'


Source file was:
int main() { return 0; }
Performing C++ SOURCE FILE Test COMPILER_HAS_DEPRECATED_ATTR succeeded with the following output:
Change Dir: /home/rajat/502_lab/lab21/lab21_template-20241118T175751Z-001/lab21_template/lcm-1.4.0/build/CMakeFiles/CMakeTmp

Run Build Command(s):/usr/bin/make cmTC_62774/fast && /usr/bin/make -f CMakeFiles/cmTC_62774.dir/build.make CMakeFiles/cmTC_62774.dir/build
make[1]: Entering directory '/home/rajat/502_lab/lab21/lab21_template-20241118T175751Z-001/lab21_template/lcm-1.4.0/build/CMakeFiles/CMakeTmp'
Building CXX object CMakeFiles/cmTC_62774.dir/src.cxx.o
/usr/bin/c++    -Wno-format-zero-length -DCOMPILER_HAS_DEPRECATED_ATTR -fPIE   -o CMakeFiles/cmTC_62774.dir/src.cxx.o -c /home/rajat/502_lab/lab21/lab21_template-20241118T175751Z-001/lab21_template/lcm-1.4.0/build/CMakeFiles/CMakeTmp/src.cxx
/home/rajat/502_lab/lab21/lab21_template-20241118T175751Z-001/lab21_template/lcm-1.4.0/build/CMakeFiles/CMakeTmp/src.cxx: In function int main():
/home/rajat/502_lab/lab21/lab21_template-20241118T175751Z-001/lab21_template/lcm-1.4.0/build/CMakeFiles/CMakeTmp/src.cxx:2:34: warning: int somefunc() is deprecated [-Wdeprecated-declarations]
    2 |     int main() { return somefunc();}
      |                                  ^
/home/rajat/502_lab/lab21/lab21_template-20241118T175751Z-001/lab21_template/lcm-1.4.0/build/CMakeFiles/CMakeTmp/src.cxx:1:37: note: declared here
    1 | __attribute__((__deprecated__)) int somefunc() { return 0; }
      |                                     ^~~~~~~~
/home/rajat/502_lab/lab21/lab21_template-20241118T175751Z-001/lab21_template/lcm-1.4.0/build/CMakeFiles/CMakeTmp/src.cxx:2:34: warning: int somefunc() is deprecated [-Wdeprecated-declarations]
    2 |     int main() { return somefunc();}
      |                                  ^
/home/rajat/502_lab/lab21/lab21_template-20241118T175751Z-001/lab21_template/lcm-1.4.0/build/CMakeFiles/CMakeTmp/src.cxx:1:37: note: declared here
    1 | __attribute__((__deprecated__)) int somefunc() { return 0; }
      |                                     ^~~~~~~~
Linking CXX executable cmTC_62774
/usr/bin/cmake -E cmake_link_script CMakeFiles/cmTC_62774.dir/link.txt --verbose=1
/usr/bin/c++   -Wno-format-zero-length -DCOMPILER_HAS_DEPRECATED_ATTR    -rdynamic CMakeFiles/cmTC_62774.dir/src.cxx.o  -o cmTC_62774 
make[1]: Leaving directory '/home/rajat/502_lab/lab21/lab21_template-20241118T175751Z-001/lab21_template/lcm-1.4.0/build/CMakeFiles/CMakeTmp'


Source file was:
__attribute__((__deprecated__)) int somefunc() { return 0; }
    int main() { return somefunc();}
